Run start time: 10/31/2022 04:00:48
org.dspace.content.Bitstream@2da83425 cd262a23-c102-4639-adba-7b4d8c39de66 license_rdf
org.dspace.content.Bitstream@7159be50 ea8bbc83-42ac-42c3-b698-0e276fe6a33b Female.png
org.dspace.content.Bitstream@a4355f65 25322c88-700f-44c3-8dad-31627ca4ad58 license_rdf
org.dspace.content.Bitstream@90dfdbe8 08475083-a3d4-4621-8a3a-801cb176e64a Male.png
org.dspace.content.Bitstream@49a395ae 76aab1d4-cbc2-44b0-8281-c065764a1fbb Male.png
org.dspace.content.Bitstream@7cf26cf 3726eca5-5aab-4a39-85b2-2ff8eff132bf Female.png
org.dspace.content.Bitstream@d540936 662a4cbc-d2a9-4320-b13c-e09a08ec7144 license_rdf
org.dspace.content.Bitstream@dd0a5187 98ba7160-4c73-4094-94a5-6f979d65b8f0 Male.png
org.dspace.content.Bitstream@a2b2ad7d f30762aa-63b5-4957-8ec4-e229bcc48b5d license_rdf
org.dspace.content.Bitstream@2053647a 91829894-1a79-43b9-b354-c28c18fde027 Female.png
org.dspace.content.Bitstream@53bb2fd3 6e4fda58-14df-4021-a623-76708f0928d6 license_rdf
org.dspace.content.Bitstream@280630eb 42355893-12f7-44cc-ab68-0023d3afd98b Male.png
org.dspace.content.Bitstream@49339a63 0cd2def9-2ac0-4f4a-8c9d-ed37e3bc53eb license_rdf
org.dspace.content.Bitstream@463736fb 263b9e14-d5a2-448d-9af9-ddbd2f56cb23 Male.png
org.dspace.content.Bitstream@e3461596 2ea90bd2-081f-45cd-b099-c1ed756a2550 Female.png
org.dspace.content.Bitstream@33d8d926 389d6df3-e74d-470d-9a4d-b4437645f08f Male.png
org.dspace.content.Bitstream@2ff9d0d5 4abd4516-3d23-42ab-93dd-e260cbba803c Female.png
org.dspace.content.Bitstream@5c983cf0 10b56a56-0e6d-4ca6-8eb8-6afaccf79df6 Male.png
org.dspace.content.Bitstream@df67925 b1fe12b9-be3e-4204-8b37-dbad89018521 Female.png
org.dspace.content.Bitstream@4197c9b9 f584b4af-4fa0-4c19-8eb4-41397507e74a image.jpg
org.dspace.content.Bitstream@743f4822 532db625-c266-401e-90f3-4f6b7586647e license_rdf
org.dspace.content.Bitstream@d91f40d8 16052af2-1cbf-4f05-bb63-141168c7a402 البيوت التقليدية القديمة في المدينة المنورة.pdf
org.dspace.content.Bitstream@2e6df769 b46c76a0-755a-44dc-9f24-d3f7707f6dfe image.jpg
org.dspace.content.Bitstream@d83edd41 72ac22a1-c11e-48aa-8d79-8814e6f59052 license.txt
org.dspace.content.Bitstream@efac21c9 478d7787-5c23-4280-bee0-385a4ae5bb88 البيوت التقليدية القديمة في المدينة المنورة
org.dspace.content.Bitstream@b0d66e51 4b3a8742-ae61-4c15-b491-d403e11c1c09 Male.png
org.dspace.content.Bitstream@9d57a13 c816ae5b-be3e-4634-b16d-d828ce903f58 license_rdf
org.dspace.content.Bitstream@b7d8a9f8 473b93f4-89aa-4563-93af-eb06eae60295 Male.png.jpg
org.dspace.content.Bitstream@2e0ae09a 4307e8fa-1deb-4f80-ad3f-4281ddd9905d filter-media75.log
org.dspace.content.Bitstream@1d601799 ad7483a4-0d38-43bb-be2f-574d033c3bf7 Female.png
org.dspace.content.Bitstream@56e47b1e 08eccd1f-c32e-4a57-825a-f6d31f7c61b1 Female.png
org.dspace.content.Bitstream@94b1f728 a4cf2e26-4335-4ec9-aed3-5aafdd98b674 الدبيان, موضي بنت إبراهيم.png
org.dspace.content.Bitstream@f59f3556 f9686ffa-b4a9-4a2b-8358-cdcf3b07227c license.txt
org.dspace.content.Bitstream@2d41a781 1714ee79-768c-47da-872a-a670cbf3335e الرحلة الأندلسيه - البروفة النهائية مع بياض في الأخير-1-35.pdf
org.dspace.content.Bitstream@db30ed1a 98ebeeda-4eff-4539-ac0e-33a7a12a1a62 غلاف الرحلة الأندلسية.jpg
org.dspace.content.Bitstream@ef28cd3a 7d358727-4282-4eb5-87ce-2c5157518785 5.png
org.dspace.content.Bitstream@3dd0e455 0d6e9f9e-4bda-4cd2-a877-5305d313f928 license_rdf
org.dspace.content.Bitstream@fbc715d 4427f068-af20-44fd-979c-9db173272f4d 5.png.jpg
org.dspace.content.Bitstream@a666f24b 6090998c-0d6e-49b7-9db9-ddc456218aa8 Female.png.jpg
org.dspace.content.Bitstream@4344c3e0 1a91d1fc-8998-40cc-92c0-ab7c428d62a0 image.jpg.jpg
org.dspace.content.Bitstream@250411d6 98571513-8af0-434f-9ed4-1e30a970ee8e Male.png.jpg
org.dspace.content.Bitstream@a18cdeed 3c7001ce-008c-47ba-8e8e-64e413fe5169 Female.png.jpg
org.dspace.content.Bitstream@fef52a9b 14ae508e-8a7a-4c45-a91f-56bbc93ff5d7 Male.png.jpg
org.dspace.content.Bitstream@3c7497cd fa9fb0a5-e6af-413a-8b6d-8ad2ab295794 Female.png.jpg
org.dspace.content.Bitstream@7bc9e84f 312421ba-3843-4f84-85c1-2c9cf76f3ff9 Female.png.jpg
org.dspace.content.Bitstream@152851b5 60d5a055-028f-4286-9d13-978aea6e9398 Male.png.jpg
org.dspace.content.Bitstream@c6f64246 e6e52593-099e-4ca9-ace7-0cc58569b2ad البيوت التقليدية القديمة في المدينة المنورة.pdf.txt
org.dspace.content.Bitstream@de04d42c a374ac64-5c75-41e6-9876-251db973a1a7 البيوت التقليدية القديمة في المدينة المنورة.pdf.jpg
org.dspace.content.Bitstream@f2f09a24 9014faa0-4e22-4f18-a223-afff8ee53577 الرحلة الأندلسيه - البروفة النهائية مع بياض في الأخير-1-35.pdf.txt
org.dspace.content.Bitstream@37d8dcba 7d682cad-fa70-48ec-b7d0-d8450710cdc2 الرحلة الأندلسيه - البروفة النهائية مع بياض في الأخير-1-35.pdf.jpg
