12-Oct-2022 13:02:38.197 INFO [http-nio-8080-exec-7] org.apache.coyote.http11.Http11Processor.service Error parsing HTTP request header
 Note: further occurrences of HTTP request parsing errors will be logged at DEBUG level.
	java.lang.IllegalArgumentException: Invalid character found in method name [MGLNDD_52.209.192.143_70770x0a...]. HTTP method names must be tokens
		at org.apache.coyote.http11.Http11InputBuffer.parseRequestLine(Http11InputBuffer.java:419)
		at org.apache.coyote.http11.Http11Processor.service(Http11Processor.java:271)
		at org.apache.coyote.AbstractProcessorLight.process(AbstractProcessorLight.java:65)
		at org.apache.coyote.AbstractProtocol$ConnectionHandler.process(AbstractProtocol.java:893)
		at org.apache.tomcat.util.net.NioEndpoint$SocketProcessor.doRun(NioEndpoint.java:1789)
		at org.apache.tomcat.util.net.SocketProcessorBase.run(SocketProcessorBase.java:49)
		at org.apache.tomcat.util.threads.ThreadPoolExecutor.runWorker(ThreadPoolExecutor.java:1191)
		at org.apache.tomcat.util.threads.ThreadPoolExecutor$Worker.run(ThreadPoolExecutor.java:659)
		at org.apache.tomcat.util.threads.TaskThread$WrappingRunnable.run(TaskThread.java:61)
		at java.base/java.lang.Thread.run(Thread.java:829)
12-Oct-2022 16:24:00.290 INFO [main] org.apache.catalina.startup.VersionLoggerListener.log Server version name:   Apache Tomcat/9.0.68
12-Oct-2022 16:24:00.293 INFO [main] org.apache.catalina.startup.VersionLoggerListener.log Server built:          Oct 3 2022 19:06:10 UTC
12-Oct-2022 16:24:00.293 INFO [main] org.apache.catalina.startup.VersionLoggerListener.log Server version number: 9.0.68.0
12-Oct-2022 16:24:00.293 INFO [main] org.apache.catalina.startup.VersionLoggerListener.log OS Name:               Linux
12-Oct-2022 16:24:00.293 INFO [main] org.apache.catalina.startup.VersionLoggerListener.log OS Version:            4.19.0-20-cloud-amd64
12-Oct-2022 16:24:00.294 INFO [main] org.apache.catalina.startup.VersionLoggerListener.log Architecture:          amd64
12-Oct-2022 16:24:00.294 INFO [main] org.apache.catalina.startup.VersionLoggerListener.log Java Home:             /usr/lib/jvm/java-11-openjdk-amd64
12-Oct-2022 16:24:00.294 INFO [main] org.apache.catalina.startup.VersionLoggerListener.log JVM Version:           11.0.16+8-post-Ubuntu-0ubuntu120.04
12-Oct-2022 16:24:00.294 INFO [main] org.apache.catalina.startup.VersionLoggerListener.log JVM Vendor:            Ubuntu
12-Oct-2022 16:24:00.294 INFO [main] org.apache.catalina.startup.VersionLoggerListener.log CATALINA_BASE:         /usr/local/tomcat
12-Oct-2022 16:24:00.294 INFO [main] org.apache.catalina.startup.VersionLoggerListener.log CATALINA_HOME:         /usr/local/tomcat
12-Oct-2022 16:24:00.306 INFO [main] org.apache.catalina.startup.VersionLoggerListener.log Command line argument: --add-opens=java.base/java.lang=ALL-UNNAMED
12-Oct-2022 16:24:00.307 INFO [main] org.apache.catalina.startup.VersionLoggerListener.log Command line argument: --add-opens=java.base/java.io=ALL-UNNAMED
12-Oct-2022 16:24:00.307 INFO [main] org.apache.catalina.startup.VersionLoggerListener.log Command line argument: --add-opens=java.base/java.util=ALL-UNNAMED
12-Oct-2022 16:24:00.307 INFO [main] org.apache.catalina.startup.VersionLoggerListener.log Command line argument: --add-opens=java.base/java.util.concurrent=ALL-UNNAMED
12-Oct-2022 16:24:00.307 INFO [main] org.apache.catalina.startup.VersionLoggerListener.log Command line argument: --add-opens=java.rmi/sun.rmi.transport=ALL-UNNAMED
12-Oct-2022 16:24:00.307 INFO [main] org.apache.catalina.startup.VersionLoggerListener.log Command line argument: -Djava.util.logging.config.file=/usr/local/tomcat/conf/logging.properties
12-Oct-2022 16:24:00.308 INFO [main] org.apache.catalina.startup.VersionLoggerListener.log Command line argument: -Djava.util.logging.manager=org.apache.juli.ClassLoaderLogManager
12-Oct-2022 16:24:00.308 INFO [main] org.apache.catalina.startup.VersionLoggerListener.log Command line argument: -Djdk.tls.ephemeralDHKeySize=2048
12-Oct-2022 16:24:00.308 INFO [main] org.apache.catalina.startup.VersionLoggerListener.log Command line argument: -Djava.protocol.handler.pkgs=org.apache.catalina.webresources
12-Oct-2022 16:24:00.308 INFO [main] org.apache.catalina.startup.VersionLoggerListener.log Command line argument: -Dorg.apache.catalina.security.SecurityListener.UMASK=0027
12-Oct-2022 16:24:00.308 INFO [main] org.apache.catalina.startup.VersionLoggerListener.log Command line argument: -Dignore.endorsed.dirs=
12-Oct-2022 16:24:00.308 INFO [main] org.apache.catalina.startup.VersionLoggerListener.log Command line argument: -Dcatalina.base=/usr/local/tomcat
12-Oct-2022 16:24:00.308 INFO [main] org.apache.catalina.startup.VersionLoggerListener.log Command line argument: -Dcatalina.home=/usr/local/tomcat
12-Oct-2022 16:24:00.309 INFO [main] org.apache.catalina.startup.VersionLoggerListener.log Command line argument: -Djava.io.tmpdir=/usr/local/tomcat/temp
12-Oct-2022 16:24:00.311 INFO [main] org.apache.catalina.core.AprLifecycleListener.lifecycleEvent The Apache Tomcat Native library which allows using OpenSSL was not found on the java.library.path: [/usr/java/packages/lib:/usr/lib/x86_64-linux-gnu/jni:/lib/x86_64-linux-gnu:/usr/lib/x86_64-linux-gnu:/usr/lib/jni:/lib:/usr/lib]
12-Oct-2022 16:24:00.694 INFO [main] org.apache.coyote.AbstractProtocol.init Initializing ProtocolHandler ["http-nio-8080"]
12-Oct-2022 16:24:00.729 INFO [main] org.apache.catalina.startup.Catalina.load Server initialization in [719] milliseconds
12-Oct-2022 16:24:00.788 INFO [main] org.apache.catalina.core.StandardService.startInternal Starting service [Catalina]
12-Oct-2022 16:24:00.788 INFO [main] org.apache.catalina.core.StandardEngine.startInternal Starting Servlet engine: [Apache Tomcat/9.0.68]
12-Oct-2022 16:24:00.796 INFO [main] org.apache.catalina.startup.HostConfig.deployDirectory Deploying web application directory [/usr/local/tomcat/webapps/server]
12-Oct-2022 16:24:12.164 INFO [main] org.apache.jasper.servlet.TldScanner.scanJars At least one JAR was scanned for TLDs yet contained no TLDs. Enable debug logging for this logger for a complete list of JARs that were scanned but no TLDs were found in them. Skipping unneeded JARs during scanning can improve startup time and JSP compilation time.
12-Oct-2022 16:24:12.801 INFO [main] org.apache.jasper.servlet.TldScanner.scanJars At least one JAR was scanned for TLDs yet contained no TLDs. Enable debug logging for this logger for a complete list of JARs that were scanned but no TLDs were found in them. Skipping unneeded JARs during scanning can improve startup time and JSP compilation time.
12-Oct-2022 16:24:38.339 INFO [main] org.apache.catalina.startup.HostConfig.deployDirectory Deployment of web application directory [/usr/local/tomcat/webapps/server] has finished in [37,540] ms
12-Oct-2022 16:24:38.343 INFO [main] org.apache.coyote.AbstractProtocol.start Starting ProtocolHandler ["http-nio-8080"]
12-Oct-2022 16:24:38.370 INFO [main] org.apache.catalina.startup.Catalina.start Server startup in [37640] milliseconds
12-Oct-2022 16:25:25.158 INFO [main] org.apache.catalina.startup.VersionLoggerListener.log Server version name:   Apache Tomcat/9.0.68
12-Oct-2022 16:25:25.160 INFO [main] org.apache.catalina.startup.VersionLoggerListener.log Server built:          Oct 3 2022 19:06:10 UTC
12-Oct-2022 16:25:25.160 INFO [main] org.apache.catalina.startup.VersionLoggerListener.log Server version number: 9.0.68.0
12-Oct-2022 16:25:25.161 INFO [main] org.apache.catalina.startup.VersionLoggerListener.log OS Name:               Linux
12-Oct-2022 16:25:25.161 INFO [main] org.apache.catalina.startup.VersionLoggerListener.log OS Version:            4.19.0-20-cloud-amd64
12-Oct-2022 16:25:25.161 INFO [main] org.apache.catalina.startup.VersionLoggerListener.log Architecture:          amd64
12-Oct-2022 16:25:25.161 INFO [main] org.apache.catalina.startup.VersionLoggerListener.log Java Home:             /usr/lib/jvm/java-11-openjdk-amd64
12-Oct-2022 16:25:25.161 INFO [main] org.apache.catalina.startup.VersionLoggerListener.log JVM Version:           11.0.16+8-post-Ubuntu-0ubuntu120.04
12-Oct-2022 16:25:25.161 INFO [main] org.apache.catalina.startup.VersionLoggerListener.log JVM Vendor:            Ubuntu
12-Oct-2022 16:25:25.161 INFO [main] org.apache.catalina.startup.VersionLoggerListener.log CATALINA_BASE:         /usr/local/tomcat
12-Oct-2022 16:25:25.162 INFO [main] org.apache.catalina.startup.VersionLoggerListener.log CATALINA_HOME:         /usr/local/tomcat
12-Oct-2022 16:25:25.171 INFO [main] org.apache.catalina.startup.VersionLoggerListener.log Command line argument: --add-opens=java.base/java.lang=ALL-UNNAMED
12-Oct-2022 16:25:25.171 INFO [main] org.apache.catalina.startup.VersionLoggerListener.log Command line argument: --add-opens=java.base/java.io=ALL-UNNAMED
12-Oct-2022 16:25:25.171 INFO [main] org.apache.catalina.startup.VersionLoggerListener.log Command line argument: --add-opens=java.base/java.util=ALL-UNNAMED
12-Oct-2022 16:25:25.172 INFO [main] org.apache.catalina.startup.VersionLoggerListener.log Command line argument: --add-opens=java.base/java.util.concurrent=ALL-UNNAMED
12-Oct-2022 16:25:25.172 INFO [main] org.apache.catalina.startup.VersionLoggerListener.log Command line argument: --add-opens=java.rmi/sun.rmi.transport=ALL-UNNAMED
12-Oct-2022 16:25:25.172 INFO [main] org.apache.catalina.startup.VersionLoggerListener.log Command line argument: -Djava.util.logging.config.file=/usr/local/tomcat/conf/logging.properties
12-Oct-2022 16:25:25.172 INFO [main] org.apache.catalina.startup.VersionLoggerListener.log Command line argument: -Djava.util.logging.manager=org.apache.juli.ClassLoaderLogManager
12-Oct-2022 16:25:25.172 INFO [main] org.apache.catalina.startup.VersionLoggerListener.log Command line argument: -Djdk.tls.ephemeralDHKeySize=2048
12-Oct-2022 16:25:25.172 INFO [main] org.apache.catalina.startup.VersionLoggerListener.log Command line argument: -Djava.protocol.handler.pkgs=org.apache.catalina.webresources
12-Oct-2022 16:25:25.172 INFO [main] org.apache.catalina.startup.VersionLoggerListener.log Command line argument: -Dorg.apache.catalina.security.SecurityListener.UMASK=0027
12-Oct-2022 16:25:25.172 INFO [main] org.apache.catalina.startup.VersionLoggerListener.log Command line argument: -Dignore.endorsed.dirs=
12-Oct-2022 16:25:25.173 INFO [main] org.apache.catalina.startup.VersionLoggerListener.log Command line argument: -Dcatalina.base=/usr/local/tomcat
12-Oct-2022 16:25:25.173 INFO [main] org.apache.catalina.startup.VersionLoggerListener.log Command line argument: -Dcatalina.home=/usr/local/tomcat
12-Oct-2022 16:25:25.173 INFO [main] org.apache.catalina.startup.VersionLoggerListener.log Command line argument: -Djava.io.tmpdir=/usr/local/tomcat/temp
12-Oct-2022 16:25:25.174 INFO [main] org.apache.catalina.core.AprLifecycleListener.lifecycleEvent The Apache Tomcat Native library which allows using OpenSSL was not found on the java.library.path: [/usr/java/packages/lib:/usr/lib/x86_64-linux-gnu/jni:/lib/x86_64-linux-gnu:/usr/lib/x86_64-linux-gnu:/usr/lib/jni:/lib:/usr/lib]
12-Oct-2022 16:25:25.509 INFO [main] org.apache.coyote.AbstractProtocol.init Initializing ProtocolHandler ["http-nio-8080"]
12-Oct-2022 16:25:25.535 INFO [main] org.apache.catalina.startup.Catalina.load Server initialization in [575] milliseconds
12-Oct-2022 16:25:25.593 INFO [main] org.apache.catalina.core.StandardService.startInternal Starting service [Catalina]
12-Oct-2022 16:25:25.593 INFO [main] org.apache.catalina.core.StandardEngine.startInternal Starting Servlet engine: [Apache Tomcat/9.0.68]
12-Oct-2022 16:25:25.600 INFO [main] org.apache.catalina.startup.HostConfig.deployDirectory Deploying web application directory [/usr/local/tomcat/webapps/server]
12-Oct-2022 16:25:34.443 INFO [main] org.apache.jasper.servlet.TldScanner.scanJars At least one JAR was scanned for TLDs yet contained no TLDs. Enable debug logging for this logger for a complete list of JARs that were scanned but no TLDs were found in them. Skipping unneeded JARs during scanning can improve startup time and JSP compilation time.
12-Oct-2022 16:25:59.484 INFO [main] org.apache.jasper.servlet.TldScanner.scanJars At least one JAR was scanned for TLDs yet contained no TLDs. Enable debug logging for this logger for a complete list of JARs that were scanned but no TLDs were found in them. Skipping unneeded JARs during scanning can improve startup time and JSP compilation time.
12-Oct-2022 16:25:59.513 INFO [main] org.apache.catalina.startup.HostConfig.deployDirectory Deployment of web application directory [/usr/local/tomcat/webapps/server] has finished in [33,913] ms
12-Oct-2022 16:25:59.517 INFO [main] org.apache.coyote.AbstractProtocol.start Starting ProtocolHandler ["http-nio-8080"]
12-Oct-2022 16:25:59.540 INFO [main] org.apache.catalina.startup.Catalina.start Server startup in [34005] milliseconds
12-Oct-2022 16:39:30.053 INFO [main] org.apache.catalina.startup.VersionLoggerListener.log Server version name:   Apache Tomcat/9.0.68
12-Oct-2022 16:39:30.056 INFO [main] org.apache.catalina.startup.VersionLoggerListener.log Server built:          Oct 3 2022 19:06:10 UTC
12-Oct-2022 16:39:30.056 INFO [main] org.apache.catalina.startup.VersionLoggerListener.log Server version number: 9.0.68.0
12-Oct-2022 16:39:30.056 INFO [main] org.apache.catalina.startup.VersionLoggerListener.log OS Name:               Linux
12-Oct-2022 16:39:30.056 INFO [main] org.apache.catalina.startup.VersionLoggerListener.log OS Version:            4.19.0-20-cloud-amd64
12-Oct-2022 16:39:30.056 INFO [main] org.apache.catalina.startup.VersionLoggerListener.log Architecture:          amd64
12-Oct-2022 16:39:30.057 INFO [main] org.apache.catalina.startup.VersionLoggerListener.log Java Home:             /usr/lib/jvm/java-11-openjdk-amd64
12-Oct-2022 16:39:30.057 INFO [main] org.apache.catalina.startup.VersionLoggerListener.log JVM Version:           11.0.16+8-post-Ubuntu-0ubuntu120.04
12-Oct-2022 16:39:30.057 INFO [main] org.apache.catalina.startup.VersionLoggerListener.log JVM Vendor:            Ubuntu
12-Oct-2022 16:39:30.057 INFO [main] org.apache.catalina.startup.VersionLoggerListener.log CATALINA_BASE:         /usr/local/tomcat
12-Oct-2022 16:39:30.057 INFO [main] org.apache.catalina.startup.VersionLoggerListener.log CATALINA_HOME:         /usr/local/tomcat
12-Oct-2022 16:39:30.069 INFO [main] org.apache.catalina.startup.VersionLoggerListener.log Command line argument: --add-opens=java.base/java.lang=ALL-UNNAMED
12-Oct-2022 16:39:30.069 INFO [main] org.apache.catalina.startup.VersionLoggerListener.log Command line argument: --add-opens=java.base/java.io=ALL-UNNAMED
12-Oct-2022 16:39:30.069 INFO [main] org.apache.catalina.startup.VersionLoggerListener.log Command line argument: --add-opens=java.base/java.util=ALL-UNNAMED
12-Oct-2022 16:39:30.069 INFO [main] org.apache.catalina.startup.VersionLoggerListener.log Command line argument: --add-opens=java.base/java.util.concurrent=ALL-UNNAMED
12-Oct-2022 16:39:30.069 INFO [main] org.apache.catalina.startup.VersionLoggerListener.log Command line argument: --add-opens=java.rmi/sun.rmi.transport=ALL-UNNAMED
12-Oct-2022 16:39:30.069 INFO [main] org.apache.catalina.startup.VersionLoggerListener.log Command line argument: -Djava.util.logging.config.file=/usr/local/tomcat/conf/logging.properties
12-Oct-2022 16:39:30.070 INFO [main] org.apache.catalina.startup.VersionLoggerListener.log Command line argument: -Djava.util.logging.manager=org.apache.juli.ClassLoaderLogManager
12-Oct-2022 16:39:30.070 INFO [main] org.apache.catalina.startup.VersionLoggerListener.log Command line argument: -Djdk.tls.ephemeralDHKeySize=2048
12-Oct-2022 16:39:30.070 INFO [main] org.apache.catalina.startup.VersionLoggerListener.log Command line argument: -Djava.protocol.handler.pkgs=org.apache.catalina.webresources
12-Oct-2022 16:39:30.070 INFO [main] org.apache.catalina.startup.VersionLoggerListener.log Command line argument: -Dorg.apache.catalina.security.SecurityListener.UMASK=0027
12-Oct-2022 16:39:30.070 INFO [main] org.apache.catalina.startup.VersionLoggerListener.log Command line argument: -Dignore.endorsed.dirs=
12-Oct-2022 16:39:30.070 INFO [main] org.apache.catalina.startup.VersionLoggerListener.log Command line argument: -Dcatalina.base=/usr/local/tomcat
12-Oct-2022 16:39:30.070 INFO [main] org.apache.catalina.startup.VersionLoggerListener.log Command line argument: -Dcatalina.home=/usr/local/tomcat
12-Oct-2022 16:39:30.070 INFO [main] org.apache.catalina.startup.VersionLoggerListener.log Command line argument: -Djava.io.tmpdir=/usr/local/tomcat/temp
12-Oct-2022 16:39:30.072 INFO [main] org.apache.catalina.core.AprLifecycleListener.lifecycleEvent The Apache Tomcat Native library which allows using OpenSSL was not found on the java.library.path: [/usr/java/packages/lib:/usr/lib/x86_64-linux-gnu/jni:/lib/x86_64-linux-gnu:/usr/lib/x86_64-linux-gnu:/usr/lib/jni:/lib:/usr/lib]
12-Oct-2022 16:39:30.425 INFO [main] org.apache.coyote.AbstractProtocol.init Initializing ProtocolHandler ["http-nio-8080"]
12-Oct-2022 16:39:30.451 INFO [main] org.apache.catalina.startup.Catalina.load Server initialization in [611] milliseconds
12-Oct-2022 16:39:30.509 INFO [main] org.apache.catalina.core.StandardService.startInternal Starting service [Catalina]
12-Oct-2022 16:39:30.509 INFO [main] org.apache.catalina.core.StandardEngine.startInternal Starting Servlet engine: [Apache Tomcat/9.0.68]
12-Oct-2022 16:39:30.517 INFO [main] org.apache.catalina.startup.HostConfig.deployDirectory Deploying web application directory [/usr/local/tomcat/webapps/server]
12-Oct-2022 16:39:39.199 INFO [main] org.apache.jasper.servlet.TldScanner.scanJars At least one JAR was scanned for TLDs yet contained no TLDs. Enable debug logging for this logger for a complete list of JARs that were scanned but no TLDs were found in them. Skipping unneeded JARs during scanning can improve startup time and JSP compilation time.
12-Oct-2022 16:39:39.862 INFO [main] org.apache.jasper.servlet.TldScanner.scanJars At least one JAR was scanned for TLDs yet contained no TLDs. Enable debug logging for this logger for a complete list of JARs that were scanned but no TLDs were found in them. Skipping unneeded JARs during scanning can improve startup time and JSP compilation time.
12-Oct-2022 16:40:04.230 INFO [main] org.apache.catalina.startup.HostConfig.deployDirectory Deployment of web application directory [/usr/local/tomcat/webapps/server] has finished in [33,711] ms
12-Oct-2022 16:40:04.236 INFO [main] org.apache.coyote.AbstractProtocol.start Starting ProtocolHandler ["http-nio-8080"]
12-Oct-2022 16:40:04.253 INFO [main] org.apache.catalina.startup.Catalina.start Server startup in [33802] milliseconds
12-Oct-2022 16:48:01.571 INFO [main] org.apache.catalina.startup.VersionLoggerListener.log Server version name:   Apache Tomcat/9.0.68
12-Oct-2022 16:48:01.573 INFO [main] org.apache.catalina.startup.VersionLoggerListener.log Server built:          Oct 3 2022 19:06:10 UTC
12-Oct-2022 16:48:01.576 INFO [main] org.apache.catalina.startup.VersionLoggerListener.log Server version number: 9.0.68.0
12-Oct-2022 16:48:01.576 INFO [main] org.apache.catalina.startup.VersionLoggerListener.log OS Name:               Linux
12-Oct-2022 16:48:01.576 INFO [main] org.apache.catalina.startup.VersionLoggerListener.log OS Version:            4.19.0-20-cloud-amd64
12-Oct-2022 16:48:01.576 INFO [main] org.apache.catalina.startup.VersionLoggerListener.log Architecture:          amd64
12-Oct-2022 16:48:01.576 INFO [main] org.apache.catalina.startup.VersionLoggerListener.log Java Home:             /usr/lib/jvm/java-11-openjdk-amd64
12-Oct-2022 16:48:01.576 INFO [main] org.apache.catalina.startup.VersionLoggerListener.log JVM Version:           11.0.16+8-post-Ubuntu-0ubuntu120.04
12-Oct-2022 16:48:01.577 INFO [main] org.apache.catalina.startup.VersionLoggerListener.log JVM Vendor:            Ubuntu
12-Oct-2022 16:48:01.577 INFO [main] org.apache.catalina.startup.VersionLoggerListener.log CATALINA_BASE:         /usr/local/tomcat
12-Oct-2022 16:48:01.577 INFO [main] org.apache.catalina.startup.VersionLoggerListener.log CATALINA_HOME:         /usr/local/tomcat
12-Oct-2022 16:48:01.586 INFO [main] org.apache.catalina.startup.VersionLoggerListener.log Command line argument: --add-opens=java.base/java.lang=ALL-UNNAMED
12-Oct-2022 16:48:01.586 INFO [main] org.apache.catalina.startup.VersionLoggerListener.log Command line argument: --add-opens=java.base/java.io=ALL-UNNAMED
12-Oct-2022 16:48:01.586 INFO [main] org.apache.catalina.startup.VersionLoggerListener.log Command line argument: --add-opens=java.base/java.util=ALL-UNNAMED
12-Oct-2022 16:48:01.586 INFO [main] org.apache.catalina.startup.VersionLoggerListener.log Command line argument: --add-opens=java.base/java.util.concurrent=ALL-UNNAMED
12-Oct-2022 16:48:01.587 INFO [main] org.apache.catalina.startup.VersionLoggerListener.log Command line argument: --add-opens=java.rmi/sun.rmi.transport=ALL-UNNAMED
12-Oct-2022 16:48:01.587 INFO [main] org.apache.catalina.startup.VersionLoggerListener.log Command line argument: -Djava.util.logging.config.file=/usr/local/tomcat/conf/logging.properties
12-Oct-2022 16:48:01.587 INFO [main] org.apache.catalina.startup.VersionLoggerListener.log Command line argument: -Djava.util.logging.manager=org.apache.juli.ClassLoaderLogManager
12-Oct-2022 16:48:01.587 INFO [main] org.apache.catalina.startup.VersionLoggerListener.log Command line argument: -Djdk.tls.ephemeralDHKeySize=2048
12-Oct-2022 16:48:01.587 INFO [main] org.apache.catalina.startup.VersionLoggerListener.log Command line argument: -Djava.protocol.handler.pkgs=org.apache.catalina.webresources
12-Oct-2022 16:48:01.587 INFO [main] org.apache.catalina.startup.VersionLoggerListener.log Command line argument: -Dorg.apache.catalina.security.SecurityListener.UMASK=0027
12-Oct-2022 16:48:01.587 INFO [main] org.apache.catalina.startup.VersionLoggerListener.log Command line argument: -Dignore.endorsed.dirs=
12-Oct-2022 16:48:01.587 INFO [main] org.apache.catalina.startup.VersionLoggerListener.log Command line argument: -Dcatalina.base=/usr/local/tomcat
12-Oct-2022 16:48:01.588 INFO [main] org.apache.catalina.startup.VersionLoggerListener.log Command line argument: -Dcatalina.home=/usr/local/tomcat
12-Oct-2022 16:48:01.588 INFO [main] org.apache.catalina.startup.VersionLoggerListener.log Command line argument: -Djava.io.tmpdir=/usr/local/tomcat/temp
12-Oct-2022 16:48:01.590 INFO [main] org.apache.catalina.core.AprLifecycleListener.lifecycleEvent The Apache Tomcat Native library which allows using OpenSSL was not found on the java.library.path: [/usr/java/packages/lib:/usr/lib/x86_64-linux-gnu/jni:/lib/x86_64-linux-gnu:/usr/lib/x86_64-linux-gnu:/usr/lib/jni:/lib:/usr/lib]
12-Oct-2022 16:48:01.931 INFO [main] org.apache.coyote.AbstractProtocol.init Initializing ProtocolHandler ["http-nio-8080"]
12-Oct-2022 16:48:01.957 INFO [main] org.apache.catalina.startup.Catalina.load Server initialization in [587] milliseconds
12-Oct-2022 16:48:02.021 INFO [main] org.apache.catalina.core.StandardService.startInternal Starting service [Catalina]
12-Oct-2022 16:48:02.021 INFO [main] org.apache.catalina.core.StandardEngine.startInternal Starting Servlet engine: [Apache Tomcat/9.0.68]
12-Oct-2022 16:48:02.029 INFO [main] org.apache.catalina.startup.HostConfig.deployDirectory Deploying web application directory [/usr/local/tomcat/webapps/server]
12-Oct-2022 16:48:10.993 INFO [main] org.apache.jasper.servlet.TldScanner.scanJars At least one JAR was scanned for TLDs yet contained no TLDs. Enable debug logging for this logger for a complete list of JARs that were scanned but no TLDs were found in them. Skipping unneeded JARs during scanning can improve startup time and JSP compilation time.
12-Oct-2022 16:48:36.103 INFO [main] org.apache.jasper.servlet.TldScanner.scanJars At least one JAR was scanned for TLDs yet contained no TLDs. Enable debug logging for this logger for a complete list of JARs that were scanned but no TLDs were found in them. Skipping unneeded JARs during scanning can improve startup time and JSP compilation time.
12-Oct-2022 16:48:36.184 INFO [main] org.apache.catalina.startup.HostConfig.deployDirectory Deployment of web application directory [/usr/local/tomcat/webapps/server] has finished in [34,152] ms
12-Oct-2022 16:48:36.188 INFO [main] org.apache.coyote.AbstractProtocol.start Starting ProtocolHandler ["http-nio-8080"]
12-Oct-2022 16:48:36.215 INFO [main] org.apache.catalina.startup.Catalina.start Server startup in [34258] milliseconds
12-Oct-2022 16:57:22.250 INFO [main] org.apache.catalina.startup.VersionLoggerListener.log Server version name:   Apache Tomcat/9.0.68
12-Oct-2022 16:57:22.252 INFO [main] org.apache.catalina.startup.VersionLoggerListener.log Server built:          Oct 3 2022 19:06:10 UTC
12-Oct-2022 16:57:22.253 INFO [main] org.apache.catalina.startup.VersionLoggerListener.log Server version number: 9.0.68.0
12-Oct-2022 16:57:22.253 INFO [main] org.apache.catalina.startup.VersionLoggerListener.log OS Name:               Linux
12-Oct-2022 16:57:22.253 INFO [main] org.apache.catalina.startup.VersionLoggerListener.log OS Version:            4.19.0-20-cloud-amd64
12-Oct-2022 16:57:22.253 INFO [main] org.apache.catalina.startup.VersionLoggerListener.log Architecture:          amd64
12-Oct-2022 16:57:22.253 INFO [main] org.apache.catalina.startup.VersionLoggerListener.log Java Home:             /usr/lib/jvm/java-11-openjdk-amd64
12-Oct-2022 16:57:22.253 INFO [main] org.apache.catalina.startup.VersionLoggerListener.log JVM Version:           11.0.16+8-post-Ubuntu-0ubuntu120.04
12-Oct-2022 16:57:22.253 INFO [main] org.apache.catalina.startup.VersionLoggerListener.log JVM Vendor:            Ubuntu
12-Oct-2022 16:57:22.253 INFO [main] org.apache.catalina.startup.VersionLoggerListener.log CATALINA_BASE:         /usr/local/tomcat
12-Oct-2022 16:57:22.254 INFO [main] org.apache.catalina.startup.VersionLoggerListener.log CATALINA_HOME:         /usr/local/tomcat
12-Oct-2022 16:57:22.265 INFO [main] org.apache.catalina.startup.VersionLoggerListener.log Command line argument: --add-opens=java.base/java.lang=ALL-UNNAMED
12-Oct-2022 16:57:22.265 INFO [main] org.apache.catalina.startup.VersionLoggerListener.log Command line argument: --add-opens=java.base/java.io=ALL-UNNAMED
12-Oct-2022 16:57:22.267 INFO [main] org.apache.catalina.startup.VersionLoggerListener.log Command line argument: --add-opens=java.base/java.util=ALL-UNNAMED
12-Oct-2022 16:57:22.269 INFO [main] org.apache.catalina.startup.VersionLoggerListener.log Command line argument: --add-opens=java.base/java.util.concurrent=ALL-UNNAMED
12-Oct-2022 16:57:22.269 INFO [main] org.apache.catalina.startup.VersionLoggerListener.log Command line argument: --add-opens=java.rmi/sun.rmi.transport=ALL-UNNAMED
12-Oct-2022 16:57:22.270 INFO [main] org.apache.catalina.startup.VersionLoggerListener.log Command line argument: -Djava.util.logging.config.file=/usr/local/tomcat/conf/logging.properties
12-Oct-2022 16:57:22.270 INFO [main] org.apache.catalina.startup.VersionLoggerListener.log Command line argument: -Djava.util.logging.manager=org.apache.juli.ClassLoaderLogManager
12-Oct-2022 16:57:22.270 INFO [main] org.apache.catalina.startup.VersionLoggerListener.log Command line argument: -Djdk.tls.ephemeralDHKeySize=2048
12-Oct-2022 16:57:22.270 INFO [main] org.apache.catalina.startup.VersionLoggerListener.log Command line argument: -Djava.protocol.handler.pkgs=org.apache.catalina.webresources
12-Oct-2022 16:57:22.270 INFO [main] org.apache.catalina.startup.VersionLoggerListener.log Command line argument: -Dorg.apache.catalina.security.SecurityListener.UMASK=0027
12-Oct-2022 16:57:22.270 INFO [main] org.apache.catalina.startup.VersionLoggerListener.log Command line argument: -Dignore.endorsed.dirs=
12-Oct-2022 16:57:22.270 INFO [main] org.apache.catalina.startup.VersionLoggerListener.log Command line argument: -Dcatalina.base=/usr/local/tomcat
12-Oct-2022 16:57:22.270 INFO [main] org.apache.catalina.startup.VersionLoggerListener.log Command line argument: -Dcatalina.home=/usr/local/tomcat
12-Oct-2022 16:57:22.271 INFO [main] org.apache.catalina.startup.VersionLoggerListener.log Command line argument: -Djava.io.tmpdir=/usr/local/tomcat/temp
12-Oct-2022 16:57:22.272 INFO [main] org.apache.catalina.core.AprLifecycleListener.lifecycleEvent The Apache Tomcat Native library which allows using OpenSSL was not found on the java.library.path: [/usr/java/packages/lib:/usr/lib/x86_64-linux-gnu/jni:/lib/x86_64-linux-gnu:/usr/lib/x86_64-linux-gnu:/usr/lib/jni:/lib:/usr/lib]
12-Oct-2022 16:57:22.625 INFO [main] org.apache.coyote.AbstractProtocol.init Initializing ProtocolHandler ["http-nio-8080"]
12-Oct-2022 16:57:22.650 INFO [main] org.apache.catalina.startup.Catalina.load Server initialization in [615] milliseconds
12-Oct-2022 16:57:22.708 INFO [main] org.apache.catalina.core.StandardService.startInternal Starting service [Catalina]
12-Oct-2022 16:57:22.708 INFO [main] org.apache.catalina.core.StandardEngine.startInternal Starting Servlet engine: [Apache Tomcat/9.0.68]
12-Oct-2022 16:57:22.716 INFO [main] org.apache.catalina.startup.HostConfig.deployDirectory Deploying web application directory [/usr/local/tomcat/webapps/server]
12-Oct-2022 16:57:31.446 INFO [main] org.apache.jasper.servlet.TldScanner.scanJars At least one JAR was scanned for TLDs yet contained no TLDs. Enable debug logging for this logger for a complete list of JARs that were scanned but no TLDs were found in them. Skipping unneeded JARs during scanning can improve startup time and JSP compilation time.
12-Oct-2022 16:57:32.034 INFO [main] org.apache.jasper.servlet.TldScanner.scanJars At least one JAR was scanned for TLDs yet contained no TLDs. Enable debug logging for this logger for a complete list of JARs that were scanned but no TLDs were found in them. Skipping unneeded JARs during scanning can improve startup time and JSP compilation time.
12-Oct-2022 16:57:56.483 INFO [main] org.apache.catalina.startup.HostConfig.deployDirectory Deployment of web application directory [/usr/local/tomcat/webapps/server] has finished in [33,765] ms
12-Oct-2022 16:57:56.487 INFO [main] org.apache.coyote.AbstractProtocol.start Starting ProtocolHandler ["http-nio-8080"]
12-Oct-2022 16:57:56.513 INFO [main] org.apache.catalina.startup.Catalina.start Server startup in [33863] milliseconds
12-Oct-2022 17:01:32.675 INFO [main] org.apache.catalina.startup.VersionLoggerListener.log Server version name:   Apache Tomcat/9.0.68
12-Oct-2022 17:01:32.678 INFO [main] org.apache.catalina.startup.VersionLoggerListener.log Server built:          Oct 3 2022 19:06:10 UTC
12-Oct-2022 17:01:32.678 INFO [main] org.apache.catalina.startup.VersionLoggerListener.log Server version number: 9.0.68.0
12-Oct-2022 17:01:32.678 INFO [main] org.apache.catalina.startup.VersionLoggerListener.log OS Name:               Linux
12-Oct-2022 17:01:32.678 INFO [main] org.apache.catalina.startup.VersionLoggerListener.log OS Version:            4.19.0-20-cloud-amd64
12-Oct-2022 17:01:32.678 INFO [main] org.apache.catalina.startup.VersionLoggerListener.log Architecture:          amd64
12-Oct-2022 17:01:32.678 INFO [main] org.apache.catalina.startup.VersionLoggerListener.log Java Home:             /usr/lib/jvm/java-11-openjdk-amd64
12-Oct-2022 17:01:32.679 INFO [main] org.apache.catalina.startup.VersionLoggerListener.log JVM Version:           11.0.16+8-post-Ubuntu-0ubuntu120.04
12-Oct-2022 17:01:32.679 INFO [main] org.apache.catalina.startup.VersionLoggerListener.log JVM Vendor:            Ubuntu
12-Oct-2022 17:01:32.679 INFO [main] org.apache.catalina.startup.VersionLoggerListener.log CATALINA_BASE:         /usr/local/tomcat
12-Oct-2022 17:01:32.679 INFO [main] org.apache.catalina.startup.VersionLoggerListener.log CATALINA_HOME:         /usr/local/tomcat
12-Oct-2022 17:01:32.689 INFO [main] org.apache.catalina.startup.VersionLoggerListener.log Command line argument: --add-opens=java.base/java.lang=ALL-UNNAMED
12-Oct-2022 17:01:32.689 INFO [main] org.apache.catalina.startup.VersionLoggerListener.log Command line argument: --add-opens=java.base/java.io=ALL-UNNAMED
12-Oct-2022 17:01:32.689 INFO [main] org.apache.catalina.startup.VersionLoggerListener.log Command line argument: --add-opens=java.base/java.util=ALL-UNNAMED
12-Oct-2022 17:01:32.689 INFO [main] org.apache.catalina.startup.VersionLoggerListener.log Command line argument: --add-opens=java.base/java.util.concurrent=ALL-UNNAMED
12-Oct-2022 17:01:32.689 INFO [main] org.apache.catalina.startup.VersionLoggerListener.log Command line argument: --add-opens=java.rmi/sun.rmi.transport=ALL-UNNAMED
12-Oct-2022 17:01:32.689 INFO [main] org.apache.catalina.startup.VersionLoggerListener.log Command line argument: -Djava.util.logging.config.file=/usr/local/tomcat/conf/logging.properties
12-Oct-2022 17:01:32.689 INFO [main] org.apache.catalina.startup.VersionLoggerListener.log Command line argument: -Djava.util.logging.manager=org.apache.juli.ClassLoaderLogManager
12-Oct-2022 17:01:32.690 INFO [main] org.apache.catalina.startup.VersionLoggerListener.log Command line argument: -Djdk.tls.ephemeralDHKeySize=2048
12-Oct-2022 17:01:32.690 INFO [main] org.apache.catalina.startup.VersionLoggerListener.log Command line argument: -Djava.protocol.handler.pkgs=org.apache.catalina.webresources
12-Oct-2022 17:01:32.690 INFO [main] org.apache.catalina.startup.VersionLoggerListener.log Command line argument: -Dorg.apache.catalina.security.SecurityListener.UMASK=0027
12-Oct-2022 17:01:32.690 INFO [main] org.apache.catalina.startup.VersionLoggerListener.log Command line argument: -Dignore.endorsed.dirs=
12-Oct-2022 17:01:32.690 INFO [main] org.apache.catalina.startup.VersionLoggerListener.log Command line argument: -Dcatalina.base=/usr/local/tomcat
12-Oct-2022 17:01:32.690 INFO [main] org.apache.catalina.startup.VersionLoggerListener.log Command line argument: -Dcatalina.home=/usr/local/tomcat
12-Oct-2022 17:01:32.690 INFO [main] org.apache.catalina.startup.VersionLoggerListener.log Command line argument: -Djava.io.tmpdir=/usr/local/tomcat/temp
12-Oct-2022 17:01:32.691 INFO [main] org.apache.catalina.core.AprLifecycleListener.lifecycleEvent The Apache Tomcat Native library which allows using OpenSSL was not found on the java.library.path: [/usr/java/packages/lib:/usr/lib/x86_64-linux-gnu/jni:/lib/x86_64-linux-gnu:/usr/lib/x86_64-linux-gnu:/usr/lib/jni:/lib:/usr/lib]
12-Oct-2022 17:01:33.038 INFO [main] org.apache.coyote.AbstractProtocol.init Initializing ProtocolHandler ["http-nio-8080"]
12-Oct-2022 17:01:33.062 INFO [main] org.apache.catalina.startup.Catalina.load Server initialization in [601] milliseconds
12-Oct-2022 17:01:33.122 INFO [main] org.apache.catalina.core.StandardService.startInternal Starting service [Catalina]
12-Oct-2022 17:01:33.123 INFO [main] org.apache.catalina.core.StandardEngine.startInternal Starting Servlet engine: [Apache Tomcat/9.0.68]
12-Oct-2022 17:01:33.129 INFO [main] org.apache.catalina.startup.HostConfig.deployDirectory Deploying web application directory [/usr/local/tomcat/webapps/server]
12-Oct-2022 17:01:41.831 INFO [main] org.apache.jasper.servlet.TldScanner.scanJars At least one JAR was scanned for TLDs yet contained no TLDs. Enable debug logging for this logger for a complete list of JARs that were scanned but no TLDs were found in them. Skipping unneeded JARs during scanning can improve startup time and JSP compilation time.
12-Oct-2022 17:02:06.515 INFO [main] org.apache.jasper.servlet.TldScanner.scanJars At least one JAR was scanned for TLDs yet contained no TLDs. Enable debug logging for this logger for a complete list of JARs that were scanned but no TLDs were found in them. Skipping unneeded JARs during scanning can improve startup time and JSP compilation time.
12-Oct-2022 17:02:06.653 INFO [main] org.apache.catalina.startup.HostConfig.deployDirectory Deployment of web application directory [/usr/local/tomcat/webapps/server] has finished in [33,520] ms
12-Oct-2022 17:02:06.678 INFO [main] org.apache.coyote.AbstractProtocol.start Starting ProtocolHandler ["http-nio-8080"]
12-Oct-2022 17:02:06.742 INFO [main] org.apache.catalina.startup.Catalina.start Server startup in [33679] milliseconds
12-Oct-2022 17:03:37.919 INFO [main] org.apache.catalina.startup.VersionLoggerListener.log Server version name:   Apache Tomcat/9.0.68
12-Oct-2022 17:03:37.921 INFO [main] org.apache.catalina.startup.VersionLoggerListener.log Server built:          Oct 3 2022 19:06:10 UTC
12-Oct-2022 17:03:37.922 INFO [main] org.apache.catalina.startup.VersionLoggerListener.log Server version number: 9.0.68.0
12-Oct-2022 17:03:37.922 INFO [main] org.apache.catalina.startup.VersionLoggerListener.log OS Name:               Linux
12-Oct-2022 17:03:37.922 INFO [main] org.apache.catalina.startup.VersionLoggerListener.log OS Version:            4.19.0-20-cloud-amd64
12-Oct-2022 17:03:37.922 INFO [main] org.apache.catalina.startup.VersionLoggerListener.log Architecture:          amd64
12-Oct-2022 17:03:37.922 INFO [main] org.apache.catalina.startup.VersionLoggerListener.log Java Home:             /usr/lib/jvm/java-11-openjdk-amd64
12-Oct-2022 17:03:37.922 INFO [main] org.apache.catalina.startup.VersionLoggerListener.log JVM Version:           11.0.16+8-post-Ubuntu-0ubuntu120.04
12-Oct-2022 17:03:37.922 INFO [main] org.apache.catalina.startup.VersionLoggerListener.log JVM Vendor:            Ubuntu
12-Oct-2022 17:03:37.923 INFO [main] org.apache.catalina.startup.VersionLoggerListener.log CATALINA_BASE:         /usr/local/tomcat
12-Oct-2022 17:03:37.923 INFO [main] org.apache.catalina.startup.VersionLoggerListener.log CATALINA_HOME:         /usr/local/tomcat
12-Oct-2022 17:03:37.932 INFO [main] org.apache.catalina.startup.VersionLoggerListener.log Command line argument: --add-opens=java.base/java.lang=ALL-UNNAMED
12-Oct-2022 17:03:37.932 INFO [main] org.apache.catalina.startup.VersionLoggerListener.log Command line argument: --add-opens=java.base/java.io=ALL-UNNAMED
12-Oct-2022 17:03:37.932 INFO [main] org.apache.catalina.startup.VersionLoggerListener.log Command line argument: --add-opens=java.base/java.util=ALL-UNNAMED
12-Oct-2022 17:03:37.933 INFO [main] org.apache.catalina.startup.VersionLoggerListener.log Command line argument: --add-opens=java.base/java.util.concurrent=ALL-UNNAMED
12-Oct-2022 17:03:37.933 INFO [main] org.apache.catalina.startup.VersionLoggerListener.log Command line argument: --add-opens=java.rmi/sun.rmi.transport=ALL-UNNAMED
12-Oct-2022 17:03:37.933 INFO [main] org.apache.catalina.startup.VersionLoggerListener.log Command line argument: -Djava.util.logging.config.file=/usr/local/tomcat/conf/logging.properties
12-Oct-2022 17:03:37.933 INFO [main] org.apache.catalina.startup.VersionLoggerListener.log Command line argument: -Djava.util.logging.manager=org.apache.juli.ClassLoaderLogManager
12-Oct-2022 17:03:37.933 INFO [main] org.apache.catalina.startup.VersionLoggerListener.log Command line argument: -Djdk.tls.ephemeralDHKeySize=2048
12-Oct-2022 17:03:37.933 INFO [main] org.apache.catalina.startup.VersionLoggerListener.log Command line argument: -Djava.protocol.handler.pkgs=org.apache.catalina.webresources
12-Oct-2022 17:03:37.934 INFO [main] org.apache.catalina.startup.VersionLoggerListener.log Command line argument: -Dorg.apache.catalina.security.SecurityListener.UMASK=0027
12-Oct-2022 17:03:37.934 INFO [main] org.apache.catalina.startup.VersionLoggerListener.log Command line argument: -Dignore.endorsed.dirs=
12-Oct-2022 17:03:37.934 INFO [main] org.apache.catalina.startup.VersionLoggerListener.log Command line argument: -Dcatalina.base=/usr/local/tomcat
12-Oct-2022 17:03:37.934 INFO [main] org.apache.catalina.startup.VersionLoggerListener.log Command line argument: -Dcatalina.home=/usr/local/tomcat
12-Oct-2022 17:03:37.934 INFO [main] org.apache.catalina.startup.VersionLoggerListener.log Command line argument: -Djava.io.tmpdir=/usr/local/tomcat/temp
12-Oct-2022 17:03:37.935 INFO [main] org.apache.catalina.core.AprLifecycleListener.lifecycleEvent The Apache Tomcat Native library which allows using OpenSSL was not found on the java.library.path: [/usr/java/packages/lib:/usr/lib/x86_64-linux-gnu/jni:/lib/x86_64-linux-gnu:/usr/lib/x86_64-linux-gnu:/usr/lib/jni:/lib:/usr/lib]
12-Oct-2022 17:03:38.287 INFO [main] org.apache.coyote.AbstractProtocol.init Initializing ProtocolHandler ["http-nio-8080"]
12-Oct-2022 17:03:38.312 INFO [main] org.apache.catalina.startup.Catalina.load Server initialization in [607] milliseconds
12-Oct-2022 17:03:38.372 INFO [main] org.apache.catalina.core.StandardService.startInternal Starting service [Catalina]
12-Oct-2022 17:03:38.372 INFO [main] org.apache.catalina.core.StandardEngine.startInternal Starting Servlet engine: [Apache Tomcat/9.0.68]
12-Oct-2022 17:03:38.379 INFO [main] org.apache.catalina.startup.HostConfig.deployDirectory Deploying web application directory [/usr/local/tomcat/webapps/server]
12-Oct-2022 17:03:46.928 INFO [main] org.apache.jasper.servlet.TldScanner.scanJars At least one JAR was scanned for TLDs yet contained no TLDs. Enable debug logging for this logger for a complete list of JARs that were scanned but no TLDs were found in them. Skipping unneeded JARs during scanning can improve startup time and JSP compilation time.
12-Oct-2022 17:03:47.700 INFO [main] org.apache.jasper.servlet.TldScanner.scanJars At least one JAR was scanned for TLDs yet contained no TLDs. Enable debug logging for this logger for a complete list of JARs that were scanned but no TLDs were found in them. Skipping unneeded JARs during scanning can improve startup time and JSP compilation time.
12-Oct-2022 17:04:13.658 INFO [main] org.apache.catalina.startup.HostConfig.deployDirectory Deployment of web application directory [/usr/local/tomcat/webapps/server] has finished in [35,277] ms
12-Oct-2022 17:04:13.661 INFO [main] org.apache.coyote.AbstractProtocol.start Starting ProtocolHandler ["http-nio-8080"]
12-Oct-2022 17:04:13.685 INFO [main] org.apache.catalina.startup.Catalina.start Server startup in [35372] milliseconds
12-Oct-2022 17:12:56.597 INFO [main] org.apache.catalina.startup.VersionLoggerListener.log Server version name:   Apache Tomcat/9.0.68
12-Oct-2022 17:12:56.605 INFO [main] org.apache.catalina.startup.VersionLoggerListener.log Server built:          Oct 3 2022 19:06:10 UTC
12-Oct-2022 17:12:56.605 INFO [main] org.apache.catalina.startup.VersionLoggerListener.log Server version number: 9.0.68.0
12-Oct-2022 17:12:56.605 INFO [main] org.apache.catalina.startup.VersionLoggerListener.log OS Name:               Linux
12-Oct-2022 17:12:56.605 INFO [main] org.apache.catalina.startup.VersionLoggerListener.log OS Version:            4.19.0-20-cloud-amd64
12-Oct-2022 17:12:56.606 INFO [main] org.apache.catalina.startup.VersionLoggerListener.log Architecture:          amd64
12-Oct-2022 17:12:56.606 INFO [main] org.apache.catalina.startup.VersionLoggerListener.log Java Home:             /usr/lib/jvm/java-11-openjdk-amd64
12-Oct-2022 17:12:56.606 INFO [main] org.apache.catalina.startup.VersionLoggerListener.log JVM Version:           11.0.16+8-post-Ubuntu-0ubuntu120.04
12-Oct-2022 17:12:56.606 INFO [main] org.apache.catalina.startup.VersionLoggerListener.log JVM Vendor:            Ubuntu
12-Oct-2022 17:12:56.606 INFO [main] org.apache.catalina.startup.VersionLoggerListener.log CATALINA_BASE:         /usr/local/tomcat
12-Oct-2022 17:12:56.606 INFO [main] org.apache.catalina.startup.VersionLoggerListener.log CATALINA_HOME:         /usr/local/tomcat
12-Oct-2022 17:12:56.618 INFO [main] org.apache.catalina.startup.VersionLoggerListener.log Command line argument: --add-opens=java.base/java.lang=ALL-UNNAMED
12-Oct-2022 17:12:56.618 INFO [main] org.apache.catalina.startup.VersionLoggerListener.log Command line argument: --add-opens=java.base/java.io=ALL-UNNAMED
12-Oct-2022 17:12:56.618 INFO [main] org.apache.catalina.startup.VersionLoggerListener.log Command line argument: --add-opens=java.base/java.util=ALL-UNNAMED
12-Oct-2022 17:12:56.619 INFO [main] org.apache.catalina.startup.VersionLoggerListener.log Command line argument: --add-opens=java.base/java.util.concurrent=ALL-UNNAMED
12-Oct-2022 17:12:56.619 INFO [main] org.apache.catalina.startup.VersionLoggerListener.log Command line argument: --add-opens=java.rmi/sun.rmi.transport=ALL-UNNAMED
12-Oct-2022 17:12:56.619 INFO [main] org.apache.catalina.startup.VersionLoggerListener.log Command line argument: -Djava.util.logging.config.file=/usr/local/tomcat/conf/logging.properties
12-Oct-2022 17:12:56.619 INFO [main] org.apache.catalina.startup.VersionLoggerListener.log Command line argument: -Djava.util.logging.manager=org.apache.juli.ClassLoaderLogManager
12-Oct-2022 17:12:56.619 INFO [main] org.apache.catalina.startup.VersionLoggerListener.log Command line argument: -Djdk.tls.ephemeralDHKeySize=2048
12-Oct-2022 17:12:56.619 INFO [main] org.apache.catalina.startup.VersionLoggerListener.log Command line argument: -Djava.protocol.handler.pkgs=org.apache.catalina.webresources
12-Oct-2022 17:12:56.619 INFO [main] org.apache.catalina.startup.VersionLoggerListener.log Command line argument: -Dorg.apache.catalina.security.SecurityListener.UMASK=0027
12-Oct-2022 17:12:56.619 INFO [main] org.apache.catalina.startup.VersionLoggerListener.log Command line argument: -Dignore.endorsed.dirs=
12-Oct-2022 17:12:56.619 INFO [main] org.apache.catalina.startup.VersionLoggerListener.log Command line argument: -Dcatalina.base=/usr/local/tomcat
12-Oct-2022 17:12:56.620 INFO [main] org.apache.catalina.startup.VersionLoggerListener.log Command line argument: -Dcatalina.home=/usr/local/tomcat
12-Oct-2022 17:12:56.620 INFO [main] org.apache.catalina.startup.VersionLoggerListener.log Command line argument: -Djava.io.tmpdir=/usr/local/tomcat/temp
12-Oct-2022 17:12:56.621 INFO [main] org.apache.catalina.core.AprLifecycleListener.lifecycleEvent The Apache Tomcat Native library which allows using OpenSSL was not found on the java.library.path: [/usr/java/packages/lib:/usr/lib/x86_64-linux-gnu/jni:/lib/x86_64-linux-gnu:/usr/lib/x86_64-linux-gnu:/usr/lib/jni:/lib:/usr/lib]
12-Oct-2022 17:12:56.977 INFO [main] org.apache.coyote.AbstractProtocol.init Initializing ProtocolHandler ["http-nio-8080"]
12-Oct-2022 17:12:57.004 INFO [main] org.apache.catalina.startup.Catalina.load Server initialization in [615] milliseconds
12-Oct-2022 17:12:57.062 INFO [main] org.apache.catalina.core.StandardService.startInternal Starting service [Catalina]
12-Oct-2022 17:12:57.062 INFO [main] org.apache.catalina.core.StandardEngine.startInternal Starting Servlet engine: [Apache Tomcat/9.0.68]
12-Oct-2022 17:12:57.068 INFO [main] org.apache.catalina.startup.HostConfig.deployDirectory Deploying web application directory [/usr/local/tomcat/webapps/server]
12-Oct-2022 17:13:05.849 INFO [main] org.apache.jasper.servlet.TldScanner.scanJars At least one JAR was scanned for TLDs yet contained no TLDs. Enable debug logging for this logger for a complete list of JARs that were scanned but no TLDs were found in them. Skipping unneeded JARs during scanning can improve startup time and JSP compilation time.
12-Oct-2022 17:13:31.535 INFO [main] org.apache.jasper.servlet.TldScanner.scanJars At least one JAR was scanned for TLDs yet contained no TLDs. Enable debug logging for this logger for a complete list of JARs that were scanned but no TLDs were found in them. Skipping unneeded JARs during scanning can improve startup time and JSP compilation time.
12-Oct-2022 17:13:31.572 INFO [main] org.apache.catalina.startup.HostConfig.deployDirectory Deployment of web application directory [/usr/local/tomcat/webapps/server] has finished in [34,501] ms
12-Oct-2022 17:13:31.575 INFO [main] org.apache.coyote.AbstractProtocol.start Starting ProtocolHandler ["http-nio-8080"]
12-Oct-2022 17:13:31.589 INFO [main] org.apache.catalina.startup.Catalina.start Server startup in [34584] milliseconds
12-Oct-2022 21:09:14.187 INFO [main] org.apache.catalina.startup.VersionLoggerListener.log Server version name:   Apache Tomcat/9.0.68
12-Oct-2022 21:09:14.209 INFO [main] org.apache.catalina.startup.VersionLoggerListener.log Server built:          Oct 3 2022 19:06:10 UTC
12-Oct-2022 21:09:14.209 INFO [main] org.apache.catalina.startup.VersionLoggerListener.log Server version number: 9.0.68.0
12-Oct-2022 21:09:14.209 INFO [main] org.apache.catalina.startup.VersionLoggerListener.log OS Name:               Linux
12-Oct-2022 21:09:14.209 INFO [main] org.apache.catalina.startup.VersionLoggerListener.log OS Version:            4.19.0-20-cloud-amd64
12-Oct-2022 21:09:14.209 INFO [main] org.apache.catalina.startup.VersionLoggerListener.log Architecture:          amd64
12-Oct-2022 21:09:14.209 INFO [main] org.apache.catalina.startup.VersionLoggerListener.log Java Home:             /usr/lib/jvm/java-11-openjdk-amd64
12-Oct-2022 21:09:14.210 INFO [main] org.apache.catalina.startup.VersionLoggerListener.log JVM Version:           11.0.16+8-post-Ubuntu-0ubuntu120.04
12-Oct-2022 21:09:14.210 INFO [main] org.apache.catalina.startup.VersionLoggerListener.log JVM Vendor:            Ubuntu
12-Oct-2022 21:09:14.210 INFO [main] org.apache.catalina.startup.VersionLoggerListener.log CATALINA_BASE:         /usr/local/tomcat
12-Oct-2022 21:09:14.210 INFO [main] org.apache.catalina.startup.VersionLoggerListener.log CATALINA_HOME:         /usr/local/tomcat
12-Oct-2022 21:09:14.225 INFO [main] org.apache.catalina.startup.VersionLoggerListener.log Command line argument: --add-opens=java.base/java.lang=ALL-UNNAMED
12-Oct-2022 21:09:14.225 INFO [main] org.apache.catalina.startup.VersionLoggerListener.log Command line argument: --add-opens=java.base/java.io=ALL-UNNAMED
12-Oct-2022 21:09:14.225 INFO [main] org.apache.catalina.startup.VersionLoggerListener.log Command line argument: --add-opens=java.base/java.util=ALL-UNNAMED
12-Oct-2022 21:09:14.226 INFO [main] org.apache.catalina.startup.VersionLoggerListener.log Command line argument: --add-opens=java.base/java.util.concurrent=ALL-UNNAMED
12-Oct-2022 21:09:14.226 INFO [main] org.apache.catalina.startup.VersionLoggerListener.log Command line argument: --add-opens=java.rmi/sun.rmi.transport=ALL-UNNAMED
12-Oct-2022 21:09:14.226 INFO [main] org.apache.catalina.startup.VersionLoggerListener.log Command line argument: -Djava.util.logging.config.file=/usr/local/tomcat/conf/logging.properties
12-Oct-2022 21:09:14.226 INFO [main] org.apache.catalina.startup.VersionLoggerListener.log Command line argument: -Djava.util.logging.manager=org.apache.juli.ClassLoaderLogManager
12-Oct-2022 21:09:14.226 INFO [main] org.apache.catalina.startup.VersionLoggerListener.log Command line argument: -Djdk.tls.ephemeralDHKeySize=2048
12-Oct-2022 21:09:14.226 INFO [main] org.apache.catalina.startup.VersionLoggerListener.log Command line argument: -Djava.protocol.handler.pkgs=org.apache.catalina.webresources
12-Oct-2022 21:09:14.226 INFO [main] org.apache.catalina.startup.VersionLoggerListener.log Command line argument: -Dorg.apache.catalina.security.SecurityListener.UMASK=0027
12-Oct-2022 21:09:14.227 INFO [main] org.apache.catalina.startup.VersionLoggerListener.log Command line argument: -Dignore.endorsed.dirs=
12-Oct-2022 21:09:14.227 INFO [main] org.apache.catalina.startup.VersionLoggerListener.log Command line argument: -Dcatalina.base=/usr/local/tomcat
12-Oct-2022 21:09:14.227 INFO [main] org.apache.catalina.startup.VersionLoggerListener.log Command line argument: -Dcatalina.home=/usr/local/tomcat
12-Oct-2022 21:09:14.227 INFO [main] org.apache.catalina.startup.VersionLoggerListener.log Command line argument: -Djava.io.tmpdir=/usr/local/tomcat/temp
12-Oct-2022 21:09:14.229 INFO [main] org.apache.catalina.core.AprLifecycleListener.lifecycleEvent The Apache Tomcat Native library which allows using OpenSSL was not found on the java.library.path: [/usr/java/packages/lib:/usr/lib/x86_64-linux-gnu/jni:/lib/x86_64-linux-gnu:/usr/lib/x86_64-linux-gnu:/usr/lib/jni:/lib:/usr/lib]
12-Oct-2022 21:09:14.601 INFO [main] org.apache.coyote.AbstractProtocol.init Initializing ProtocolHandler ["http-nio-8080"]
12-Oct-2022 21:09:14.645 INFO [main] org.apache.catalina.startup.Catalina.load Server initialization in [737] milliseconds
12-Oct-2022 21:09:14.711 INFO [main] org.apache.catalina.core.StandardService.startInternal Starting service [Catalina]
12-Oct-2022 21:09:14.711 INFO [main] org.apache.catalina.core.StandardEngine.startInternal Starting Servlet engine: [Apache Tomcat/9.0.68]
12-Oct-2022 21:09:14.719 INFO [main] org.apache.catalina.startup.HostConfig.deployDirectory Deploying web application directory [/usr/local/tomcat/webapps/server]
12-Oct-2022 21:09:28.424 INFO [main] org.apache.jasper.servlet.TldScanner.scanJars At least one JAR was scanned for TLDs yet contained no TLDs. Enable debug logging for this logger for a complete list of JARs that were scanned but no TLDs were found in them. Skipping unneeded JARs during scanning can improve startup time and JSP compilation time.
12-Oct-2022 21:09:54.555 INFO [main] org.apache.jasper.servlet.TldScanner.scanJars At least one JAR was scanned for TLDs yet contained no TLDs. Enable debug logging for this logger for a complete list of JARs that were scanned but no TLDs were found in them. Skipping unneeded JARs during scanning can improve startup time and JSP compilation time.
12-Oct-2022 21:09:54.591 INFO [main] org.apache.catalina.startup.HostConfig.deployDirectory Deployment of web application directory [/usr/local/tomcat/webapps/server] has finished in [39,871] ms
12-Oct-2022 21:09:54.596 INFO [main] org.apache.coyote.AbstractProtocol.start Starting ProtocolHandler ["http-nio-8080"]
12-Oct-2022 21:09:54.622 INFO [main] org.apache.catalina.startup.Catalina.start Server startup in [39977] milliseconds
12-Oct-2022 23:15:52.432 INFO [main] org.apache.catalina.startup.VersionLoggerListener.log Server version name:   Apache Tomcat/9.0.68
12-Oct-2022 23:15:52.436 INFO [main] org.apache.catalina.startup.VersionLoggerListener.log Server built:          Oct 3 2022 19:06:10 UTC
12-Oct-2022 23:15:52.436 INFO [main] org.apache.catalina.startup.VersionLoggerListener.log Server version number: 9.0.68.0
12-Oct-2022 23:15:52.436 INFO [main] org.apache.catalina.startup.VersionLoggerListener.log OS Name:               Linux
12-Oct-2022 23:15:52.436 INFO [main] org.apache.catalina.startup.VersionLoggerListener.log OS Version:            4.19.0-20-cloud-amd64
12-Oct-2022 23:15:52.436 INFO [main] org.apache.catalina.startup.VersionLoggerListener.log Architecture:          amd64
12-Oct-2022 23:15:52.436 INFO [main] org.apache.catalina.startup.VersionLoggerListener.log Java Home:             /usr/lib/jvm/java-11-openjdk-amd64
12-Oct-2022 23:15:52.436 INFO [main] org.apache.catalina.startup.VersionLoggerListener.log JVM Version:           11.0.16+8-post-Ubuntu-0ubuntu120.04
12-Oct-2022 23:15:52.436 INFO [main] org.apache.catalina.startup.VersionLoggerListener.log JVM Vendor:            Ubuntu
12-Oct-2022 23:15:52.437 INFO [main] org.apache.catalina.startup.VersionLoggerListener.log CATALINA_BASE:         /usr/local/tomcat
12-Oct-2022 23:15:52.437 INFO [main] org.apache.catalina.startup.VersionLoggerListener.log CATALINA_HOME:         /usr/local/tomcat
12-Oct-2022 23:15:52.450 INFO [main] org.apache.catalina.startup.VersionLoggerListener.log Command line argument: --add-opens=java.base/java.lang=ALL-UNNAMED
12-Oct-2022 23:15:52.450 INFO [main] org.apache.catalina.startup.VersionLoggerListener.log Command line argument: --add-opens=java.base/java.io=ALL-UNNAMED
12-Oct-2022 23:15:52.451 INFO [main] org.apache.catalina.startup.VersionLoggerListener.log Command line argument: --add-opens=java.base/java.util=ALL-UNNAMED
12-Oct-2022 23:15:52.451 INFO [main] org.apache.catalina.startup.VersionLoggerListener.log Command line argument: --add-opens=java.base/java.util.concurrent=ALL-UNNAMED
12-Oct-2022 23:15:52.451 INFO [main] org.apache.catalina.startup.VersionLoggerListener.log Command line argument: --add-opens=java.rmi/sun.rmi.transport=ALL-UNNAMED
12-Oct-2022 23:15:52.451 INFO [main] org.apache.catalina.startup.VersionLoggerListener.log Command line argument: -Djava.util.logging.config.file=/usr/local/tomcat/conf/logging.properties
12-Oct-2022 23:15:52.451 INFO [main] org.apache.catalina.startup.VersionLoggerListener.log Command line argument: -Djava.util.logging.manager=org.apache.juli.ClassLoaderLogManager
12-Oct-2022 23:15:52.451 INFO [main] org.apache.catalina.startup.VersionLoggerListener.log Command line argument: -Djdk.tls.ephemeralDHKeySize=2048
12-Oct-2022 23:15:52.451 INFO [main] org.apache.catalina.startup.VersionLoggerListener.log Command line argument: -Djava.protocol.handler.pkgs=org.apache.catalina.webresources
12-Oct-2022 23:15:52.451 INFO [main] org.apache.catalina.startup.VersionLoggerListener.log Command line argument: -Dorg.apache.catalina.security.SecurityListener.UMASK=0027
12-Oct-2022 23:15:52.451 INFO [main] org.apache.catalina.startup.VersionLoggerListener.log Command line argument: -Dignore.endorsed.dirs=
12-Oct-2022 23:15:52.452 INFO [main] org.apache.catalina.startup.VersionLoggerListener.log Command line argument: -Dcatalina.base=/usr/local/tomcat
12-Oct-2022 23:15:52.452 INFO [main] org.apache.catalina.startup.VersionLoggerListener.log Command line argument: -Dcatalina.home=/usr/local/tomcat
12-Oct-2022 23:15:52.452 INFO [main] org.apache.catalina.startup.VersionLoggerListener.log Command line argument: -Djava.io.tmpdir=/usr/local/tomcat/temp
12-Oct-2022 23:15:52.454 INFO [main] org.apache.catalina.core.AprLifecycleListener.lifecycleEvent The Apache Tomcat Native library which allows using OpenSSL was not found on the java.library.path: [/usr/java/packages/lib:/usr/lib/x86_64-linux-gnu/jni:/lib/x86_64-linux-gnu:/usr/lib/x86_64-linux-gnu:/usr/lib/jni:/lib:/usr/lib]
12-Oct-2022 23:15:52.837 INFO [main] org.apache.coyote.AbstractProtocol.init Initializing ProtocolHandler ["http-nio-8080"]
12-Oct-2022 23:15:52.874 INFO [main] org.apache.catalina.startup.Catalina.load Server initialization in [711] milliseconds
12-Oct-2022 23:15:52.935 INFO [main] org.apache.catalina.core.StandardService.startInternal Starting service [Catalina]
12-Oct-2022 23:15:52.935 INFO [main] org.apache.catalina.core.StandardEngine.startInternal Starting Servlet engine: [Apache Tomcat/9.0.68]
12-Oct-2022 23:15:52.942 INFO [main] org.apache.catalina.startup.HostConfig.deployDirectory Deploying web application directory [/usr/local/tomcat/webapps/server]
12-Oct-2022 23:16:02.845 INFO [main] org.apache.jasper.servlet.TldScanner.scanJars At least one JAR was scanned for TLDs yet contained no TLDs. Enable debug logging for this logger for a complete list of JARs that were scanned but no TLDs were found in them. Skipping unneeded JARs during scanning can improve startup time and JSP compilation time.
12-Oct-2022 23:16:03.482 INFO [main] org.apache.jasper.servlet.TldScanner.scanJars At least one JAR was scanned for TLDs yet contained no TLDs. Enable debug logging for this logger for a complete list of JARs that were scanned but no TLDs were found in them. Skipping unneeded JARs during scanning can improve startup time and JSP compilation time.
12-Oct-2022 23:16:30.927 INFO [main] org.apache.catalina.startup.HostConfig.deployDirectory Deployment of web application directory [/usr/local/tomcat/webapps/server] has finished in [37,983] ms
12-Oct-2022 23:16:30.931 INFO [main] org.apache.coyote.AbstractProtocol.start Starting ProtocolHandler ["http-nio-8080"]
12-Oct-2022 23:16:30.956 INFO [main] org.apache.catalina.startup.Catalina.start Server startup in [38081] milliseconds
12-Oct-2022 23:47:33.521 INFO [main] org.apache.catalina.startup.VersionLoggerListener.log Server version name:   Apache Tomcat/9.0.68
12-Oct-2022 23:47:33.524 INFO [main] org.apache.catalina.startup.VersionLoggerListener.log Server built:          Oct 3 2022 19:06:10 UTC
12-Oct-2022 23:47:33.524 INFO [main] org.apache.catalina.startup.VersionLoggerListener.log Server version number: 9.0.68.0
12-Oct-2022 23:47:33.524 INFO [main] org.apache.catalina.startup.VersionLoggerListener.log OS Name:               Linux
12-Oct-2022 23:47:33.524 INFO [main] org.apache.catalina.startup.VersionLoggerListener.log OS Version:            4.19.0-20-cloud-amd64
12-Oct-2022 23:47:33.525 INFO [main] org.apache.catalina.startup.VersionLoggerListener.log Architecture:          amd64
12-Oct-2022 23:47:33.525 INFO [main] org.apache.catalina.startup.VersionLoggerListener.log Java Home:             /usr/lib/jvm/java-11-openjdk-amd64
12-Oct-2022 23:47:33.525 INFO [main] org.apache.catalina.startup.VersionLoggerListener.log JVM Version:           11.0.16+8-post-Ubuntu-0ubuntu120.04
12-Oct-2022 23:47:33.525 INFO [main] org.apache.catalina.startup.VersionLoggerListener.log JVM Vendor:            Ubuntu
12-Oct-2022 23:47:33.525 INFO [main] org.apache.catalina.startup.VersionLoggerListener.log CATALINA_BASE:         /usr/local/tomcat
12-Oct-2022 23:47:33.526 INFO [main] org.apache.catalina.startup.VersionLoggerListener.log CATALINA_HOME:         /usr/local/tomcat
12-Oct-2022 23:47:33.537 INFO [main] org.apache.catalina.startup.VersionLoggerListener.log Command line argument: --add-opens=java.base/java.lang=ALL-UNNAMED
12-Oct-2022 23:47:33.537 INFO [main] org.apache.catalina.startup.VersionLoggerListener.log Command line argument: --add-opens=java.base/java.io=ALL-UNNAMED
12-Oct-2022 23:47:33.537 INFO [main] org.apache.catalina.startup.VersionLoggerListener.log Command line argument: --add-opens=java.base/java.util=ALL-UNNAMED
12-Oct-2022 23:47:33.538 INFO [main] org.apache.catalina.startup.VersionLoggerListener.log Command line argument: --add-opens=java.base/java.util.concurrent=ALL-UNNAMED
12-Oct-2022 23:47:33.538 INFO [main] org.apache.catalina.startup.VersionLoggerListener.log Command line argument: --add-opens=java.rmi/sun.rmi.transport=ALL-UNNAMED
12-Oct-2022 23:47:33.538 INFO [main] org.apache.catalina.startup.VersionLoggerListener.log Command line argument: -Djava.util.logging.config.file=/usr/local/tomcat/conf/logging.properties
12-Oct-2022 23:47:33.538 INFO [main] org.apache.catalina.startup.VersionLoggerListener.log Command line argument: -Djava.util.logging.manager=org.apache.juli.ClassLoaderLogManager
12-Oct-2022 23:47:33.538 INFO [main] org.apache.catalina.startup.VersionLoggerListener.log Command line argument: -Djdk.tls.ephemeralDHKeySize=2048
12-Oct-2022 23:47:33.538 INFO [main] org.apache.catalina.startup.VersionLoggerListener.log Command line argument: -Djava.protocol.handler.pkgs=org.apache.catalina.webresources
12-Oct-2022 23:47:33.538 INFO [main] org.apache.catalina.startup.VersionLoggerListener.log Command line argument: -Dorg.apache.catalina.security.SecurityListener.UMASK=0027
12-Oct-2022 23:47:33.539 INFO [main] org.apache.catalina.startup.VersionLoggerListener.log Command line argument: -Dignore.endorsed.dirs=
12-Oct-2022 23:47:33.539 INFO [main] org.apache.catalina.startup.VersionLoggerListener.log Command line argument: -Dcatalina.base=/usr/local/tomcat
12-Oct-2022 23:47:33.539 INFO [main] org.apache.catalina.startup.VersionLoggerListener.log Command line argument: -Dcatalina.home=/usr/local/tomcat
12-Oct-2022 23:47:33.539 INFO [main] org.apache.catalina.startup.VersionLoggerListener.log Command line argument: -Djava.io.tmpdir=/usr/local/tomcat/temp
12-Oct-2022 23:47:33.541 INFO [main] org.apache.catalina.core.AprLifecycleListener.lifecycleEvent The Apache Tomcat Native library which allows using OpenSSL was not found on the java.library.path: [/usr/java/packages/lib:/usr/lib/x86_64-linux-gnu/jni:/lib/x86_64-linux-gnu:/usr/lib/x86_64-linux-gnu:/usr/lib/jni:/lib:/usr/lib]
12-Oct-2022 23:47:33.892 INFO [main] org.apache.coyote.AbstractProtocol.init Initializing ProtocolHandler ["http-nio-8080"]
12-Oct-2022 23:47:33.924 INFO [main] org.apache.catalina.startup.Catalina.load Server initialization in [647] milliseconds
12-Oct-2022 23:47:33.992 INFO [main] org.apache.catalina.core.StandardService.startInternal Starting service [Catalina]
12-Oct-2022 23:47:33.993 INFO [main] org.apache.catalina.core.StandardEngine.startInternal Starting Servlet engine: [Apache Tomcat/9.0.68]
12-Oct-2022 23:47:34.006 INFO [main] org.apache.catalina.startup.HostConfig.deployDirectory Deploying web application directory [/usr/local/tomcat/webapps/server]
12-Oct-2022 23:47:43.236 INFO [main] org.apache.jasper.servlet.TldScanner.scanJars At least one JAR was scanned for TLDs yet contained no TLDs. Enable debug logging for this logger for a complete list of JARs that were scanned but no TLDs were found in them. Skipping unneeded JARs during scanning can improve startup time and JSP compilation time.
12-Oct-2022 23:47:43.840 INFO [main] org.apache.jasper.servlet.TldScanner.scanJars At least one JAR was scanned for TLDs yet contained no TLDs. Enable debug logging for this logger for a complete list of JARs that were scanned but no TLDs were found in them. Skipping unneeded JARs during scanning can improve startup time and JSP compilation time.
12-Oct-2022 23:48:09.283 INFO [main] org.apache.catalina.startup.HostConfig.deployDirectory Deployment of web application directory [/usr/local/tomcat/webapps/server] has finished in [35,275] ms
12-Oct-2022 23:48:09.288 INFO [main] org.apache.coyote.AbstractProtocol.start Starting ProtocolHandler ["http-nio-8080"]
12-Oct-2022 23:48:09.312 INFO [main] org.apache.catalina.startup.Catalina.start Server startup in [35387] milliseconds
12-Oct-2022 23:51:01.397 INFO [main] org.apache.catalina.core.StandardServer.await A valid shutdown command was received via the shutdown port. Stopping the Server instance.
12-Oct-2022 23:51:01.398 INFO [main] org.apache.coyote.AbstractProtocol.pause Pausing ProtocolHandler ["http-nio-8080"]
12-Oct-2022 23:51:01.399 INFO [main] org.apache.catalina.core.StandardService.stopInternal Stopping service [Catalina]
12-Oct-2022 23:51:01.599 WARNING [main] org.apache.catalina.loader.WebappClassLoaderBase.clearReferencesThreads The web application [server] appears to have started a thread named [Thread-1] but has failed to stop it. This is very likely to create a memory leak. Stack trace of thread:
 java.base@11.0.16/java.lang.Object.wait(Native Method)
 org.dspace.service.impl.HttpConnectionPoolService$IdleConnectionMonitorThread.run(HttpConnectionPoolService.java:176)
12-Oct-2022 23:51:01.600 SEVERE [main] org.apache.catalina.loader.WebappClassLoaderBase.checkThreadLocalMapForLeaks The web application [server] created a ThreadLocal with key of type [java.lang.ThreadLocal] (value [java.lang.ThreadLocal@62051790]) and a value of type [net.sf.saxon.expr.sort.LRUCache] (value [net.sf.saxon.expr.sort.LRUCache@34c5f0d7]) but failed to remove it when the web application was stopped. Threads are going to be renewed over time to try and avoid a probable memory leak.
12-Oct-2022 23:51:01.601 SEVERE [main] org.apache.catalina.loader.WebappClassLoaderBase.checkThreadLocalMapForLeaks The web application [server] created a ThreadLocal with key of type [java.lang.ThreadLocal.SuppliedThreadLocal] (value [java.lang.ThreadLocal$SuppliedThreadLocal@2374e0d1]) and a value of type [org.springframework.util.ConcurrentLruCache] (value [org.springframework.util.ConcurrentLruCache@3e119349]) but failed to remove it when the web application was stopped. Threads are going to be renewed over time to try and avoid a probable memory leak.
12-Oct-2022 23:51:01.602 SEVERE [main] org.apache.catalina.loader.WebappClassLoaderBase.checkThreadLocalMapForLeaks The web application [server] created a ThreadLocal with key of type [java.lang.ThreadLocal.SuppliedThreadLocal] (value [java.lang.ThreadLocal$SuppliedThreadLocal@2374e0d1]) and a value of type [org.springframework.util.ConcurrentLruCache] (value [org.springframework.util.ConcurrentLruCache@3646929c]) but failed to remove it when the web application was stopped. Threads are going to be renewed over time to try and avoid a probable memory leak.
12-Oct-2022 23:51:01.602 SEVERE [main] org.apache.catalina.loader.WebappClassLoaderBase.checkThreadLocalMapForLeaks The web application [server] created a ThreadLocal with key of type [java.lang.ThreadLocal.SuppliedThreadLocal] (value [java.lang.ThreadLocal$SuppliedThreadLocal@2374e0d1]) and a value of type [org.springframework.util.ConcurrentLruCache] (value [org.springframework.util.ConcurrentLruCache@70b9e62f]) but failed to remove it when the web application was stopped. Threads are going to be renewed over time to try and avoid a probable memory leak.
12-Oct-2022 23:51:01.603 SEVERE [main] org.apache.catalina.loader.WebappClassLoaderBase.checkThreadLocalMapForLeaks The web application [server] created a ThreadLocal with key of type [java.lang.ThreadLocal.SuppliedThreadLocal] (value [java.lang.ThreadLocal$SuppliedThreadLocal@2374e0d1]) and a value of type [org.springframework.util.ConcurrentLruCache] (value [org.springframework.util.ConcurrentLruCache@44a604aa]) but failed to remove it when the web application was stopped. Threads are going to be renewed over time to try and avoid a probable memory leak.
12-Oct-2022 23:51:01.603 SEVERE [main] org.apache.catalina.loader.WebappClassLoaderBase.checkThreadLocalMapForLeaks The web application [server] created a ThreadLocal with key of type [java.lang.ThreadLocal.SuppliedThreadLocal] (value [java.lang.ThreadLocal$SuppliedThreadLocal@2374e0d1]) and a value of type [org.springframework.util.ConcurrentLruCache] (value [org.springframework.util.ConcurrentLruCache@7b911a8f]) but failed to remove it when the web application was stopped. Threads are going to be renewed over time to try and avoid a probable memory leak.
12-Oct-2022 23:51:01.604 SEVERE [main] org.apache.catalina.loader.WebappClassLoaderBase.checkThreadLocalMapForLeaks The web application [server] created a ThreadLocal with key of type [java.lang.ThreadLocal.SuppliedThreadLocal] (value [java.lang.ThreadLocal$SuppliedThreadLocal@2374e0d1]) and a value of type [org.springframework.util.ConcurrentLruCache] (value [org.springframework.util.ConcurrentLruCache@70c1a486]) but failed to remove it when the web application was stopped. Threads are going to be renewed over time to try and avoid a probable memory leak.
12-Oct-2022 23:51:01.604 SEVERE [main] org.apache.catalina.loader.WebappClassLoaderBase.checkThreadLocalMapForLeaks The web application [server] created a ThreadLocal with key of type [java.lang.ThreadLocal.SuppliedThreadLocal] (value [java.lang.ThreadLocal$SuppliedThreadLocal@2374e0d1]) and a value of type [org.springframework.util.ConcurrentLruCache] (value [org.springframework.util.ConcurrentLruCache@32054e8]) but failed to remove it when the web application was stopped. Threads are going to be renewed over time to try and avoid a probable memory leak.
12-Oct-2022 23:51:01.615 INFO [main] org.apache.coyote.AbstractProtocol.stop Stopping ProtocolHandler ["http-nio-8080"]
12-Oct-2022 23:51:01.626 INFO [main] org.apache.coyote.AbstractProtocol.destroy Destroying ProtocolHandler ["http-nio-8080"]
12-Oct-2022 23:51:06.888 INFO [main] org.apache.catalina.startup.VersionLoggerListener.log Server version name:   Apache Tomcat/9.0.68
12-Oct-2022 23:51:06.891 INFO [main] org.apache.catalina.startup.VersionLoggerListener.log Server built:          Oct 3 2022 19:06:10 UTC
12-Oct-2022 23:51:06.891 INFO [main] org.apache.catalina.startup.VersionLoggerListener.log Server version number: 9.0.68.0
12-Oct-2022 23:51:06.891 INFO [main] org.apache.catalina.startup.VersionLoggerListener.log OS Name:               Linux
12-Oct-2022 23:51:06.891 INFO [main] org.apache.catalina.startup.VersionLoggerListener.log OS Version:            4.19.0-20-cloud-amd64
12-Oct-2022 23:51:06.892 INFO [main] org.apache.catalina.startup.VersionLoggerListener.log Architecture:          amd64
12-Oct-2022 23:51:06.892 INFO [main] org.apache.catalina.startup.VersionLoggerListener.log Java Home:             /usr/lib/jvm/java-11-openjdk-amd64
12-Oct-2022 23:51:06.892 INFO [main] org.apache.catalina.startup.VersionLoggerListener.log JVM Version:           11.0.16+8-post-Ubuntu-0ubuntu120.04
12-Oct-2022 23:51:06.892 INFO [main] org.apache.catalina.startup.VersionLoggerListener.log JVM Vendor:            Ubuntu
12-Oct-2022 23:51:06.892 INFO [main] org.apache.catalina.startup.VersionLoggerListener.log CATALINA_BASE:         /usr/local/tomcat
12-Oct-2022 23:51:06.892 INFO [main] org.apache.catalina.startup.VersionLoggerListener.log CATALINA_HOME:         /usr/local/tomcat
12-Oct-2022 23:51:06.903 INFO [main] org.apache.catalina.startup.VersionLoggerListener.log Command line argument: --add-opens=java.base/java.lang=ALL-UNNAMED
12-Oct-2022 23:51:06.903 INFO [main] org.apache.catalina.startup.VersionLoggerListener.log Command line argument: --add-opens=java.base/java.io=ALL-UNNAMED
12-Oct-2022 23:51:06.903 INFO [main] org.apache.catalina.startup.VersionLoggerListener.log Command line argument: --add-opens=java.base/java.util=ALL-UNNAMED
12-Oct-2022 23:51:06.903 INFO [main] org.apache.catalina.startup.VersionLoggerListener.log Command line argument: --add-opens=java.base/java.util.concurrent=ALL-UNNAMED
12-Oct-2022 23:51:06.903 INFO [main] org.apache.catalina.startup.VersionLoggerListener.log Command line argument: --add-opens=java.rmi/sun.rmi.transport=ALL-UNNAMED
12-Oct-2022 23:51:06.904 INFO [main] org.apache.catalina.startup.VersionLoggerListener.log Command line argument: -Djava.util.logging.config.file=/usr/local/tomcat/conf/logging.properties
12-Oct-2022 23:51:06.904 INFO [main] org.apache.catalina.startup.VersionLoggerListener.log Command line argument: -Djava.util.logging.manager=org.apache.juli.ClassLoaderLogManager
12-Oct-2022 23:51:06.904 INFO [main] org.apache.catalina.startup.VersionLoggerListener.log Command line argument: -Djdk.tls.ephemeralDHKeySize=2048
12-Oct-2022 23:51:06.904 INFO [main] org.apache.catalina.startup.VersionLoggerListener.log Command line argument: -Djava.protocol.handler.pkgs=org.apache.catalina.webresources
12-Oct-2022 23:51:06.904 INFO [main] org.apache.catalina.startup.VersionLoggerListener.log Command line argument: -Dorg.apache.catalina.security.SecurityListener.UMASK=0027
12-Oct-2022 23:51:06.904 INFO [main] org.apache.catalina.startup.VersionLoggerListener.log Command line argument: -Dignore.endorsed.dirs=
12-Oct-2022 23:51:06.904 INFO [main] org.apache.catalina.startup.VersionLoggerListener.log Command line argument: -Dcatalina.base=/usr/local/tomcat
12-Oct-2022 23:51:06.904 INFO [main] org.apache.catalina.startup.VersionLoggerListener.log Command line argument: -Dcatalina.home=/usr/local/tomcat
12-Oct-2022 23:51:06.904 INFO [main] org.apache.catalina.startup.VersionLoggerListener.log Command line argument: -Djava.io.tmpdir=/usr/local/tomcat/temp
12-Oct-2022 23:51:06.906 INFO [main] org.apache.catalina.core.AprLifecycleListener.lifecycleEvent The Apache Tomcat Native library which allows using OpenSSL was not found on the java.library.path: [/usr/java/packages/lib:/usr/lib/x86_64-linux-gnu/jni:/lib/x86_64-linux-gnu:/usr/lib/x86_64-linux-gnu:/usr/lib/jni:/lib:/usr/lib]
12-Oct-2022 23:51:07.241 INFO [main] org.apache.coyote.AbstractProtocol.init Initializing ProtocolHandler ["http-nio-8080"]
12-Oct-2022 23:51:07.267 INFO [main] org.apache.catalina.startup.Catalina.load Server initialization in [598] milliseconds
12-Oct-2022 23:51:07.325 INFO [main] org.apache.catalina.core.StandardService.startInternal Starting service [Catalina]
12-Oct-2022 23:51:07.325 INFO [main] org.apache.catalina.core.StandardEngine.startInternal Starting Servlet engine: [Apache Tomcat/9.0.68]
12-Oct-2022 23:51:07.332 INFO [main] org.apache.catalina.startup.HostConfig.deployDirectory Deploying web application directory [/usr/local/tomcat/webapps/server]
12-Oct-2022 23:51:16.551 INFO [main] org.apache.jasper.servlet.TldScanner.scanJars At least one JAR was scanned for TLDs yet contained no TLDs. Enable debug logging for this logger for a complete list of JARs that were scanned but no TLDs were found in them. Skipping unneeded JARs during scanning can improve startup time and JSP compilation time.
12-Oct-2022 23:51:44.788 INFO [main] org.apache.jasper.servlet.TldScanner.scanJars At least one JAR was scanned for TLDs yet contained no TLDs. Enable debug logging for this logger for a complete list of JARs that were scanned but no TLDs were found in them. Skipping unneeded JARs during scanning can improve startup time and JSP compilation time.
12-Oct-2022 23:51:44.825 INFO [main] org.apache.catalina.startup.HostConfig.deployDirectory Deployment of web application directory [/usr/local/tomcat/webapps/server] has finished in [37,490] ms
12-Oct-2022 23:51:44.829 INFO [main] org.apache.coyote.AbstractProtocol.start Starting ProtocolHandler ["http-nio-8080"]
12-Oct-2022 23:51:44.845 INFO [main] org.apache.catalina.startup.Catalina.start Server startup in [37577] milliseconds
