20-Oct-2022 00:04:36.578 INFO [main] org.apache.catalina.startup.VersionLoggerListener.log Server version name:   Apache Tomcat/9.0.68
20-Oct-2022 00:04:36.580 INFO [main] org.apache.catalina.startup.VersionLoggerListener.log Server built:          Oct 3 2022 19:06:10 UTC
20-Oct-2022 00:04:36.581 INFO [main] org.apache.catalina.startup.VersionLoggerListener.log Server version number: 9.0.68.0
20-Oct-2022 00:04:36.581 INFO [main] org.apache.catalina.startup.VersionLoggerListener.log OS Name:               Linux
20-Oct-2022 00:04:36.581 INFO [main] org.apache.catalina.startup.VersionLoggerListener.log OS Version:            4.19.0-22-cloud-amd64
20-Oct-2022 00:04:36.581 INFO [main] org.apache.catalina.startup.VersionLoggerListener.log Architecture:          amd64
20-Oct-2022 00:04:36.581 INFO [main] org.apache.catalina.startup.VersionLoggerListener.log Java Home:             /usr/lib/jvm/java-11-openjdk-amd64
20-Oct-2022 00:04:36.581 INFO [main] org.apache.catalina.startup.VersionLoggerListener.log JVM Version:           11.0.16+8-post-Ubuntu-0ubuntu120.04
20-Oct-2022 00:04:36.582 INFO [main] org.apache.catalina.startup.VersionLoggerListener.log JVM Vendor:            Ubuntu
20-Oct-2022 00:04:36.582 INFO [main] org.apache.catalina.startup.VersionLoggerListener.log CATALINA_BASE:         /usr/local/tomcat
20-Oct-2022 00:04:36.582 INFO [main] org.apache.catalina.startup.VersionLoggerListener.log CATALINA_HOME:         /usr/local/tomcat
20-Oct-2022 00:04:36.591 INFO [main] org.apache.catalina.startup.VersionLoggerListener.log Command line argument: --add-opens=java.base/java.lang=ALL-UNNAMED
20-Oct-2022 00:04:36.591 INFO [main] org.apache.catalina.startup.VersionLoggerListener.log Command line argument: --add-opens=java.base/java.io=ALL-UNNAMED
20-Oct-2022 00:04:36.591 INFO [main] org.apache.catalina.startup.VersionLoggerListener.log Command line argument: --add-opens=java.base/java.util=ALL-UNNAMED
20-Oct-2022 00:04:36.591 INFO [main] org.apache.catalina.startup.VersionLoggerListener.log Command line argument: --add-opens=java.base/java.util.concurrent=ALL-UNNAMED
20-Oct-2022 00:04:36.591 INFO [main] org.apache.catalina.startup.VersionLoggerListener.log Command line argument: --add-opens=java.rmi/sun.rmi.transport=ALL-UNNAMED
20-Oct-2022 00:04:36.591 INFO [main] org.apache.catalina.startup.VersionLoggerListener.log Command line argument: -Djava.util.logging.config.file=/usr/local/tomcat/conf/logging.properties
20-Oct-2022 00:04:36.592 INFO [main] org.apache.catalina.startup.VersionLoggerListener.log Command line argument: -Djava.util.logging.manager=org.apache.juli.ClassLoaderLogManager
20-Oct-2022 00:04:36.592 INFO [main] org.apache.catalina.startup.VersionLoggerListener.log Command line argument: -Djdk.tls.ephemeralDHKeySize=2048
20-Oct-2022 00:04:36.592 INFO [main] org.apache.catalina.startup.VersionLoggerListener.log Command line argument: -Djava.protocol.handler.pkgs=org.apache.catalina.webresources
20-Oct-2022 00:04:36.592 INFO [main] org.apache.catalina.startup.VersionLoggerListener.log Command line argument: -Dorg.apache.catalina.security.SecurityListener.UMASK=0027
20-Oct-2022 00:04:36.592 INFO [main] org.apache.catalina.startup.VersionLoggerListener.log Command line argument: -Dignore.endorsed.dirs=
20-Oct-2022 00:04:36.592 INFO [main] org.apache.catalina.startup.VersionLoggerListener.log Command line argument: -Dcatalina.base=/usr/local/tomcat
20-Oct-2022 00:04:36.592 INFO [main] org.apache.catalina.startup.VersionLoggerListener.log Command line argument: -Dcatalina.home=/usr/local/tomcat
20-Oct-2022 00:04:36.592 INFO [main] org.apache.catalina.startup.VersionLoggerListener.log Command line argument: -Djava.io.tmpdir=/usr/local/tomcat/temp
20-Oct-2022 00:04:36.594 INFO [main] org.apache.catalina.core.AprLifecycleListener.lifecycleEvent The Apache Tomcat Native library which allows using OpenSSL was not found on the java.library.path: [/usr/java/packages/lib:/usr/lib/x86_64-linux-gnu/jni:/lib/x86_64-linux-gnu:/usr/lib/x86_64-linux-gnu:/usr/lib/jni:/lib:/usr/lib]
20-Oct-2022 00:04:36.929 INFO [main] org.apache.coyote.AbstractProtocol.init Initializing ProtocolHandler ["http-nio-8080"]
20-Oct-2022 00:04:36.955 INFO [main] org.apache.catalina.startup.Catalina.load Server initialization in [588] milliseconds
20-Oct-2022 00:04:37.016 INFO [main] org.apache.catalina.core.StandardService.startInternal Starting service [Catalina]
20-Oct-2022 00:04:37.017 INFO [main] org.apache.catalina.core.StandardEngine.startInternal Starting Servlet engine: [Apache Tomcat/9.0.68]
20-Oct-2022 00:04:37.024 INFO [main] org.apache.catalina.startup.HostConfig.deployDirectory Deploying web application directory [/usr/local/tomcat/webapps/server]
20-Oct-2022 00:04:45.350 INFO [main] org.apache.jasper.servlet.TldScanner.scanJars At least one JAR was scanned for TLDs yet contained no TLDs. Enable debug logging for this logger for a complete list of JARs that were scanned but no TLDs were found in them. Skipping unneeded JARs during scanning can improve startup time and JSP compilation time.
20-Oct-2022 00:05:09.702 INFO [main] org.apache.jasper.servlet.TldScanner.scanJars At least one JAR was scanned for TLDs yet contained no TLDs. Enable debug logging for this logger for a complete list of JARs that were scanned but no TLDs were found in them. Skipping unneeded JARs during scanning can improve startup time and JSP compilation time.
20-Oct-2022 00:05:09.738 INFO [main] org.apache.catalina.startup.HostConfig.deployDirectory Deployment of web application directory [/usr/local/tomcat/webapps/server] has finished in [32,712] ms
20-Oct-2022 00:05:09.742 INFO [main] org.apache.coyote.AbstractProtocol.start Starting ProtocolHandler ["http-nio-8080"]
20-Oct-2022 00:05:09.762 INFO [main] org.apache.catalina.startup.Catalina.start Server startup in [32806] milliseconds
20-Oct-2022 00:09:01.904 INFO [main] org.apache.catalina.startup.VersionLoggerListener.log Server version name:   Apache Tomcat/9.0.68
20-Oct-2022 00:09:01.907 INFO [main] org.apache.catalina.startup.VersionLoggerListener.log Server built:          Oct 3 2022 19:06:10 UTC
20-Oct-2022 00:09:01.907 INFO [main] org.apache.catalina.startup.VersionLoggerListener.log Server version number: 9.0.68.0
20-Oct-2022 00:09:01.907 INFO [main] org.apache.catalina.startup.VersionLoggerListener.log OS Name:               Linux
20-Oct-2022 00:09:01.908 INFO [main] org.apache.catalina.startup.VersionLoggerListener.log OS Version:            4.19.0-22-cloud-amd64
20-Oct-2022 00:09:01.908 INFO [main] org.apache.catalina.startup.VersionLoggerListener.log Architecture:          amd64
20-Oct-2022 00:09:01.908 INFO [main] org.apache.catalina.startup.VersionLoggerListener.log Java Home:             /usr/lib/jvm/java-11-openjdk-amd64
20-Oct-2022 00:09:01.908 INFO [main] org.apache.catalina.startup.VersionLoggerListener.log JVM Version:           11.0.16+8-post-Ubuntu-0ubuntu120.04
20-Oct-2022 00:09:01.908 INFO [main] org.apache.catalina.startup.VersionLoggerListener.log JVM Vendor:            Ubuntu
20-Oct-2022 00:09:01.908 INFO [main] org.apache.catalina.startup.VersionLoggerListener.log CATALINA_BASE:         /usr/local/tomcat
20-Oct-2022 00:09:01.908 INFO [main] org.apache.catalina.startup.VersionLoggerListener.log CATALINA_HOME:         /usr/local/tomcat
20-Oct-2022 00:09:01.919 INFO [main] org.apache.catalina.startup.VersionLoggerListener.log Command line argument: --add-opens=java.base/java.lang=ALL-UNNAMED
20-Oct-2022 00:09:01.919 INFO [main] org.apache.catalina.startup.VersionLoggerListener.log Command line argument: --add-opens=java.base/java.io=ALL-UNNAMED
20-Oct-2022 00:09:01.919 INFO [main] org.apache.catalina.startup.VersionLoggerListener.log Command line argument: --add-opens=java.base/java.util=ALL-UNNAMED
20-Oct-2022 00:09:01.919 INFO [main] org.apache.catalina.startup.VersionLoggerListener.log Command line argument: --add-opens=java.base/java.util.concurrent=ALL-UNNAMED
20-Oct-2022 00:09:01.919 INFO [main] org.apache.catalina.startup.VersionLoggerListener.log Command line argument: --add-opens=java.rmi/sun.rmi.transport=ALL-UNNAMED
20-Oct-2022 00:09:01.919 INFO [main] org.apache.catalina.startup.VersionLoggerListener.log Command line argument: -Djava.util.logging.config.file=/usr/local/tomcat/conf/logging.properties
20-Oct-2022 00:09:01.919 INFO [main] org.apache.catalina.startup.VersionLoggerListener.log Command line argument: -Djava.util.logging.manager=org.apache.juli.ClassLoaderLogManager
20-Oct-2022 00:09:01.919 INFO [main] org.apache.catalina.startup.VersionLoggerListener.log Command line argument: -Djdk.tls.ephemeralDHKeySize=2048
20-Oct-2022 00:09:01.920 INFO [main] org.apache.catalina.startup.VersionLoggerListener.log Command line argument: -Djava.protocol.handler.pkgs=org.apache.catalina.webresources
20-Oct-2022 00:09:01.920 INFO [main] org.apache.catalina.startup.VersionLoggerListener.log Command line argument: -Dorg.apache.catalina.security.SecurityListener.UMASK=0027
20-Oct-2022 00:09:01.920 INFO [main] org.apache.catalina.startup.VersionLoggerListener.log Command line argument: -Dignore.endorsed.dirs=
20-Oct-2022 00:09:01.920 INFO [main] org.apache.catalina.startup.VersionLoggerListener.log Command line argument: -Dcatalina.base=/usr/local/tomcat
20-Oct-2022 00:09:01.920 INFO [main] org.apache.catalina.startup.VersionLoggerListener.log Command line argument: -Dcatalina.home=/usr/local/tomcat
20-Oct-2022 00:09:01.920 INFO [main] org.apache.catalina.startup.VersionLoggerListener.log Command line argument: -Djava.io.tmpdir=/usr/local/tomcat/temp
20-Oct-2022 00:09:01.921 INFO [main] org.apache.catalina.core.AprLifecycleListener.lifecycleEvent The Apache Tomcat Native library which allows using OpenSSL was not found on the java.library.path: [/usr/java/packages/lib:/usr/lib/x86_64-linux-gnu/jni:/lib/x86_64-linux-gnu:/usr/lib/x86_64-linux-gnu:/usr/lib/jni:/lib:/usr/lib]
20-Oct-2022 00:09:02.264 INFO [main] org.apache.coyote.AbstractProtocol.init Initializing ProtocolHandler ["http-nio-8080"]
20-Oct-2022 00:09:02.289 INFO [main] org.apache.catalina.startup.Catalina.load Server initialization in [589] milliseconds
20-Oct-2022 00:09:02.347 INFO [main] org.apache.catalina.core.StandardService.startInternal Starting service [Catalina]
20-Oct-2022 00:09:02.347 INFO [main] org.apache.catalina.core.StandardEngine.startInternal Starting Servlet engine: [Apache Tomcat/9.0.68]
20-Oct-2022 00:09:02.354 INFO [main] org.apache.catalina.startup.HostConfig.deployDirectory Deploying web application directory [/usr/local/tomcat/webapps/server]
20-Oct-2022 00:09:10.863 INFO [main] org.apache.jasper.servlet.TldScanner.scanJars At least one JAR was scanned for TLDs yet contained no TLDs. Enable debug logging for this logger for a complete list of JARs that were scanned but no TLDs were found in them. Skipping unneeded JARs during scanning can improve startup time and JSP compilation time.
20-Oct-2022 00:09:11.477 INFO [main] org.apache.jasper.servlet.TldScanner.scanJars At least one JAR was scanned for TLDs yet contained no TLDs. Enable debug logging for this logger for a complete list of JARs that were scanned but no TLDs were found in them. Skipping unneeded JARs during scanning can improve startup time and JSP compilation time.
20-Oct-2022 00:09:36.009 INFO [main] org.apache.catalina.startup.HostConfig.deployDirectory Deployment of web application directory [/usr/local/tomcat/webapps/server] has finished in [33,653] ms
20-Oct-2022 00:09:36.013 INFO [main] org.apache.coyote.AbstractProtocol.start Starting ProtocolHandler ["http-nio-8080"]
20-Oct-2022 00:09:36.038 INFO [main] org.apache.catalina.startup.Catalina.start Server startup in [33748] milliseconds
20-Oct-2022 01:39:32.424 INFO [http-nio-8080-exec-8] org.apache.coyote.http11.Http11Processor.service Error parsing HTTP request header
 Note: further occurrences of HTTP request parsing errors will be logged at DEBUG level.
	java.lang.IllegalArgumentException: Invalid character found in method name [MGLNDD_52.209.192.143_70770x0a...]. HTTP method names must be tokens
		at org.apache.coyote.http11.Http11InputBuffer.parseRequestLine(Http11InputBuffer.java:419)
		at org.apache.coyote.http11.Http11Processor.service(Http11Processor.java:271)
		at org.apache.coyote.AbstractProcessorLight.process(AbstractProcessorLight.java:65)
		at org.apache.coyote.AbstractProtocol$ConnectionHandler.process(AbstractProtocol.java:893)
		at org.apache.tomcat.util.net.NioEndpoint$SocketProcessor.doRun(NioEndpoint.java:1789)
		at org.apache.tomcat.util.net.SocketProcessorBase.run(SocketProcessorBase.java:49)
		at org.apache.tomcat.util.threads.ThreadPoolExecutor.runWorker(ThreadPoolExecutor.java:1191)
		at org.apache.tomcat.util.threads.ThreadPoolExecutor$Worker.run(ThreadPoolExecutor.java:659)
		at org.apache.tomcat.util.threads.TaskThread$WrappingRunnable.run(TaskThread.java:61)
		at java.base/java.lang.Thread.run(Thread.java:829)
20-Oct-2022 06:21:05.393 INFO [http-nio-8080-exec-110] org.apache.coyote.http11.Http11Processor.service Error parsing HTTP request header
 Note: further occurrences of HTTP request parsing errors will be logged at DEBUG level.
	java.lang.IllegalArgumentException: Invalid character found in method name [0x030x000x00/*0xe00x000x000x000x000x00Cookie: ]. HTTP method names must be tokens
		at org.apache.coyote.http11.Http11InputBuffer.parseRequestLine(Http11InputBuffer.java:419)
		at org.apache.coyote.http11.Http11Processor.service(Http11Processor.java:271)
		at org.apache.coyote.AbstractProcessorLight.process(AbstractProcessorLight.java:65)
		at org.apache.coyote.AbstractProtocol$ConnectionHandler.process(AbstractProtocol.java:893)
		at org.apache.tomcat.util.net.NioEndpoint$SocketProcessor.doRun(NioEndpoint.java:1789)
		at org.apache.tomcat.util.net.SocketProcessorBase.run(SocketProcessorBase.java:49)
		at org.apache.tomcat.util.threads.ThreadPoolExecutor.runWorker(ThreadPoolExecutor.java:1191)
		at org.apache.tomcat.util.threads.ThreadPoolExecutor$Worker.run(ThreadPoolExecutor.java:659)
		at org.apache.tomcat.util.threads.TaskThread$WrappingRunnable.run(TaskThread.java:61)
		at java.base/java.lang.Thread.run(Thread.java:829)
20-Oct-2022 11:04:44.432 INFO [main] org.apache.catalina.startup.VersionLoggerListener.log Server version name:   Apache Tomcat/9.0.68
20-Oct-2022 11:04:44.435 INFO [main] org.apache.catalina.startup.VersionLoggerListener.log Server built:          Oct 3 2022 19:06:10 UTC
20-Oct-2022 11:04:44.435 INFO [main] org.apache.catalina.startup.VersionLoggerListener.log Server version number: 9.0.68.0
20-Oct-2022 11:04:44.436 INFO [main] org.apache.catalina.startup.VersionLoggerListener.log OS Name:               Linux
20-Oct-2022 11:04:44.436 INFO [main] org.apache.catalina.startup.VersionLoggerListener.log OS Version:            4.19.0-22-cloud-amd64
20-Oct-2022 11:04:44.436 INFO [main] org.apache.catalina.startup.VersionLoggerListener.log Architecture:          amd64
20-Oct-2022 11:04:44.436 INFO [main] org.apache.catalina.startup.VersionLoggerListener.log Java Home:             /usr/lib/jvm/java-11-openjdk-amd64
20-Oct-2022 11:04:44.436 INFO [main] org.apache.catalina.startup.VersionLoggerListener.log JVM Version:           11.0.16+8-post-Ubuntu-0ubuntu120.04
20-Oct-2022 11:04:44.436 INFO [main] org.apache.catalina.startup.VersionLoggerListener.log JVM Vendor:            Ubuntu
20-Oct-2022 11:04:44.436 INFO [main] org.apache.catalina.startup.VersionLoggerListener.log CATALINA_BASE:         /usr/local/tomcat
20-Oct-2022 11:04:44.436 INFO [main] org.apache.catalina.startup.VersionLoggerListener.log CATALINA_HOME:         /usr/local/tomcat
20-Oct-2022 11:04:44.448 INFO [main] org.apache.catalina.startup.VersionLoggerListener.log Command line argument: --add-opens=java.base/java.lang=ALL-UNNAMED
20-Oct-2022 11:04:44.448 INFO [main] org.apache.catalina.startup.VersionLoggerListener.log Command line argument: --add-opens=java.base/java.io=ALL-UNNAMED
20-Oct-2022 11:04:44.448 INFO [main] org.apache.catalina.startup.VersionLoggerListener.log Command line argument: --add-opens=java.base/java.util=ALL-UNNAMED
20-Oct-2022 11:04:44.448 INFO [main] org.apache.catalina.startup.VersionLoggerListener.log Command line argument: --add-opens=java.base/java.util.concurrent=ALL-UNNAMED
20-Oct-2022 11:04:44.448 INFO [main] org.apache.catalina.startup.VersionLoggerListener.log Command line argument: --add-opens=java.rmi/sun.rmi.transport=ALL-UNNAMED
20-Oct-2022 11:04:44.449 INFO [main] org.apache.catalina.startup.VersionLoggerListener.log Command line argument: -Djava.util.logging.config.file=/usr/local/tomcat/conf/logging.properties
20-Oct-2022 11:04:44.449 INFO [main] org.apache.catalina.startup.VersionLoggerListener.log Command line argument: -Djava.util.logging.manager=org.apache.juli.ClassLoaderLogManager
20-Oct-2022 11:04:44.449 INFO [main] org.apache.catalina.startup.VersionLoggerListener.log Command line argument: -Djdk.tls.ephemeralDHKeySize=2048
20-Oct-2022 11:04:44.449 INFO [main] org.apache.catalina.startup.VersionLoggerListener.log Command line argument: -Djava.protocol.handler.pkgs=org.apache.catalina.webresources
20-Oct-2022 11:04:44.449 INFO [main] org.apache.catalina.startup.VersionLoggerListener.log Command line argument: -Dorg.apache.catalina.security.SecurityListener.UMASK=0027
20-Oct-2022 11:04:44.449 INFO [main] org.apache.catalina.startup.VersionLoggerListener.log Command line argument: -Dignore.endorsed.dirs=
20-Oct-2022 11:04:44.450 INFO [main] org.apache.catalina.startup.VersionLoggerListener.log Command line argument: -Dcatalina.base=/usr/local/tomcat
20-Oct-2022 11:04:44.450 INFO [main] org.apache.catalina.startup.VersionLoggerListener.log Command line argument: -Dcatalina.home=/usr/local/tomcat
20-Oct-2022 11:04:44.450 INFO [main] org.apache.catalina.startup.VersionLoggerListener.log Command line argument: -Djava.io.tmpdir=/usr/local/tomcat/temp
20-Oct-2022 11:04:44.452 INFO [main] org.apache.catalina.core.AprLifecycleListener.lifecycleEvent The Apache Tomcat Native library which allows using OpenSSL was not found on the java.library.path: [/usr/java/packages/lib:/usr/lib/x86_64-linux-gnu/jni:/lib/x86_64-linux-gnu:/usr/lib/x86_64-linux-gnu:/usr/lib/jni:/lib:/usr/lib]
20-Oct-2022 11:04:44.859 INFO [main] org.apache.coyote.AbstractProtocol.init Initializing ProtocolHandler ["http-nio-8080"]
20-Oct-2022 11:04:44.897 INFO [main] org.apache.catalina.startup.Catalina.load Server initialization in [759] milliseconds
20-Oct-2022 11:04:44.965 INFO [main] org.apache.catalina.core.StandardService.startInternal Starting service [Catalina]
20-Oct-2022 11:04:44.965 INFO [main] org.apache.catalina.core.StandardEngine.startInternal Starting Servlet engine: [Apache Tomcat/9.0.68]
20-Oct-2022 11:04:44.973 INFO [main] org.apache.catalina.startup.HostConfig.deployDirectory Deploying web application directory [/usr/local/tomcat/webapps/server]
20-Oct-2022 11:04:55.405 INFO [main] org.apache.jasper.servlet.TldScanner.scanJars At least one JAR was scanned for TLDs yet contained no TLDs. Enable debug logging for this logger for a complete list of JARs that were scanned but no TLDs were found in them. Skipping unneeded JARs during scanning can improve startup time and JSP compilation time.
20-Oct-2022 11:04:55.989 INFO [main] org.apache.jasper.servlet.TldScanner.scanJars At least one JAR was scanned for TLDs yet contained no TLDs. Enable debug logging for this logger for a complete list of JARs that were scanned but no TLDs were found in them. Skipping unneeded JARs during scanning can improve startup time and JSP compilation time.
20-Oct-2022 11:05:19.899 INFO [main] org.apache.catalina.startup.HostConfig.deployDirectory Deployment of web application directory [/usr/local/tomcat/webapps/server] has finished in [34,924] ms
20-Oct-2022 11:05:19.909 INFO [main] org.apache.coyote.AbstractProtocol.start Starting ProtocolHandler ["http-nio-8080"]
20-Oct-2022 11:05:19.924 INFO [main] org.apache.catalina.startup.Catalina.start Server startup in [35026] milliseconds
20-Oct-2022 11:07:00.787 INFO [http-nio-8080-exec-8] org.apache.coyote.http11.Http11Processor.service Error parsing HTTP request header
 Note: further occurrences of HTTP request parsing errors will be logged at DEBUG level.
	java.lang.IllegalArgumentException: Invalid character found in the request target [/server/api/submission/vocabularies/common_types/entries?filter=Rare%20Book%20|%20%D9%83%D8%AA%D8%A7%D8%A8%20%D9%86%D8%A7%D8%AF%D8%B1&exact=true ]. The valid characters are defined in RFC 7230 and RFC 3986
		at org.apache.coyote.http11.Http11InputBuffer.parseRequestLine(Http11InputBuffer.java:494)
		at org.apache.coyote.http11.Http11Processor.service(Http11Processor.java:271)
		at org.apache.coyote.AbstractProcessorLight.process(AbstractProcessorLight.java:65)
		at org.apache.coyote.AbstractProtocol$ConnectionHandler.process(AbstractProtocol.java:893)
		at org.apache.tomcat.util.net.NioEndpoint$SocketProcessor.doRun(NioEndpoint.java:1789)
		at org.apache.tomcat.util.net.SocketProcessorBase.run(SocketProcessorBase.java:49)
		at org.apache.tomcat.util.threads.ThreadPoolExecutor.runWorker(ThreadPoolExecutor.java:1191)
		at org.apache.tomcat.util.threads.ThreadPoolExecutor$Worker.run(ThreadPoolExecutor.java:659)
		at org.apache.tomcat.util.threads.TaskThread$WrappingRunnable.run(TaskThread.java:61)
		at java.base/java.lang.Thread.run(Thread.java:829)
20-Oct-2022 11:24:07.495 INFO [main] org.apache.catalina.startup.VersionLoggerListener.log Server version name:   Apache Tomcat/9.0.68
20-Oct-2022 11:24:07.499 INFO [main] org.apache.catalina.startup.VersionLoggerListener.log Server built:          Oct 3 2022 19:06:10 UTC
20-Oct-2022 11:24:07.499 INFO [main] org.apache.catalina.startup.VersionLoggerListener.log Server version number: 9.0.68.0
20-Oct-2022 11:24:07.499 INFO [main] org.apache.catalina.startup.VersionLoggerListener.log OS Name:               Linux
20-Oct-2022 11:24:07.499 INFO [main] org.apache.catalina.startup.VersionLoggerListener.log OS Version:            4.19.0-22-cloud-amd64
20-Oct-2022 11:24:07.499 INFO [main] org.apache.catalina.startup.VersionLoggerListener.log Architecture:          amd64
20-Oct-2022 11:24:07.501 INFO [main] org.apache.catalina.startup.VersionLoggerListener.log Java Home:             /usr/lib/jvm/java-11-openjdk-amd64
20-Oct-2022 11:24:07.501 INFO [main] org.apache.catalina.startup.VersionLoggerListener.log JVM Version:           11.0.16+8-post-Ubuntu-0ubuntu120.04
20-Oct-2022 11:24:07.501 INFO [main] org.apache.catalina.startup.VersionLoggerListener.log JVM Vendor:            Ubuntu
20-Oct-2022 11:24:07.501 INFO [main] org.apache.catalina.startup.VersionLoggerListener.log CATALINA_BASE:         /usr/local/tomcat
20-Oct-2022 11:24:07.501 INFO [main] org.apache.catalina.startup.VersionLoggerListener.log CATALINA_HOME:         /usr/local/tomcat
20-Oct-2022 11:24:07.511 INFO [main] org.apache.catalina.startup.VersionLoggerListener.log Command line argument: --add-opens=java.base/java.lang=ALL-UNNAMED
20-Oct-2022 11:24:07.512 INFO [main] org.apache.catalina.startup.VersionLoggerListener.log Command line argument: --add-opens=java.base/java.io=ALL-UNNAMED
20-Oct-2022 11:24:07.512 INFO [main] org.apache.catalina.startup.VersionLoggerListener.log Command line argument: --add-opens=java.base/java.util=ALL-UNNAMED
20-Oct-2022 11:24:07.512 INFO [main] org.apache.catalina.startup.VersionLoggerListener.log Command line argument: --add-opens=java.base/java.util.concurrent=ALL-UNNAMED
20-Oct-2022 11:24:07.512 INFO [main] org.apache.catalina.startup.VersionLoggerListener.log Command line argument: --add-opens=java.rmi/sun.rmi.transport=ALL-UNNAMED
20-Oct-2022 11:24:07.512 INFO [main] org.apache.catalina.startup.VersionLoggerListener.log Command line argument: -Djava.util.logging.config.file=/usr/local/tomcat/conf/logging.properties
20-Oct-2022 11:24:07.512 INFO [main] org.apache.catalina.startup.VersionLoggerListener.log Command line argument: -Djava.util.logging.manager=org.apache.juli.ClassLoaderLogManager
20-Oct-2022 11:24:07.512 INFO [main] org.apache.catalina.startup.VersionLoggerListener.log Command line argument: -Djdk.tls.ephemeralDHKeySize=2048
20-Oct-2022 11:24:07.513 INFO [main] org.apache.catalina.startup.VersionLoggerListener.log Command line argument: -Djava.protocol.handler.pkgs=org.apache.catalina.webresources
20-Oct-2022 11:24:07.513 INFO [main] org.apache.catalina.startup.VersionLoggerListener.log Command line argument: -Dorg.apache.catalina.security.SecurityListener.UMASK=0027
20-Oct-2022 11:24:07.513 INFO [main] org.apache.catalina.startup.VersionLoggerListener.log Command line argument: -Dignore.endorsed.dirs=
20-Oct-2022 11:24:07.513 INFO [main] org.apache.catalina.startup.VersionLoggerListener.log Command line argument: -Dcatalina.base=/usr/local/tomcat
20-Oct-2022 11:24:07.513 INFO [main] org.apache.catalina.startup.VersionLoggerListener.log Command line argument: -Dcatalina.home=/usr/local/tomcat
20-Oct-2022 11:24:07.513 INFO [main] org.apache.catalina.startup.VersionLoggerListener.log Command line argument: -Djava.io.tmpdir=/usr/local/tomcat/temp
20-Oct-2022 11:24:07.515 INFO [main] org.apache.catalina.core.AprLifecycleListener.lifecycleEvent The Apache Tomcat Native library which allows using OpenSSL was not found on the java.library.path: [/usr/java/packages/lib:/usr/lib/x86_64-linux-gnu/jni:/lib/x86_64-linux-gnu:/usr/lib/x86_64-linux-gnu:/usr/lib/jni:/lib:/usr/lib]
20-Oct-2022 11:24:07.855 INFO [main] org.apache.coyote.AbstractProtocol.init Initializing ProtocolHandler ["http-nio-8080"]
20-Oct-2022 11:24:07.880 INFO [main] org.apache.catalina.startup.Catalina.load Server initialization in [589] milliseconds
20-Oct-2022 11:24:07.940 INFO [main] org.apache.catalina.core.StandardService.startInternal Starting service [Catalina]
20-Oct-2022 11:24:07.940 INFO [main] org.apache.catalina.core.StandardEngine.startInternal Starting Servlet engine: [Apache Tomcat/9.0.68]
20-Oct-2022 11:24:07.947 INFO [main] org.apache.catalina.startup.HostConfig.deployDirectory Deploying web application directory [/usr/local/tomcat/webapps/server]
20-Oct-2022 11:24:16.595 INFO [main] org.apache.jasper.servlet.TldScanner.scanJars At least one JAR was scanned for TLDs yet contained no TLDs. Enable debug logging for this logger for a complete list of JARs that were scanned but no TLDs were found in them. Skipping unneeded JARs during scanning can improve startup time and JSP compilation time.
20-Oct-2022 11:24:17.207 INFO [main] org.apache.jasper.servlet.TldScanner.scanJars At least one JAR was scanned for TLDs yet contained no TLDs. Enable debug logging for this logger for a complete list of JARs that were scanned but no TLDs were found in them. Skipping unneeded JARs during scanning can improve startup time and JSP compilation time.
20-Oct-2022 11:24:42.214 INFO [main] org.apache.catalina.startup.HostConfig.deployDirectory Deployment of web application directory [/usr/local/tomcat/webapps/server] has finished in [34,264] ms
20-Oct-2022 11:24:42.216 INFO [main] org.apache.coyote.AbstractProtocol.start Starting ProtocolHandler ["http-nio-8080"]
20-Oct-2022 11:24:42.245 INFO [main] org.apache.catalina.startup.Catalina.start Server startup in [34364] milliseconds
20-Oct-2022 11:26:57.543 INFO [http-nio-8080-exec-3] org.apache.coyote.http11.Http11Processor.service Error parsing HTTP request header
 Note: further occurrences of HTTP request parsing errors will be logged at DEBUG level.
	java.lang.IllegalArgumentException: Invalid character found in the request target [/server/api/submission/vocabularies/common_types/entries?filter=Rare%20Book%20|%20%D9%83%D8%AA%D8%A7%D8%A8%20%D9%86%D8%A7%D8%AF%D8%B1&exact=true ]. The valid characters are defined in RFC 7230 and RFC 3986
		at org.apache.coyote.http11.Http11InputBuffer.parseRequestLine(Http11InputBuffer.java:494)
		at org.apache.coyote.http11.Http11Processor.service(Http11Processor.java:271)
		at org.apache.coyote.AbstractProcessorLight.process(AbstractProcessorLight.java:65)
		at org.apache.coyote.AbstractProtocol$ConnectionHandler.process(AbstractProtocol.java:893)
		at org.apache.tomcat.util.net.NioEndpoint$SocketProcessor.doRun(NioEndpoint.java:1789)
		at org.apache.tomcat.util.net.SocketProcessorBase.run(SocketProcessorBase.java:49)
		at org.apache.tomcat.util.threads.ThreadPoolExecutor.runWorker(ThreadPoolExecutor.java:1191)
		at org.apache.tomcat.util.threads.ThreadPoolExecutor$Worker.run(ThreadPoolExecutor.java:659)
		at org.apache.tomcat.util.threads.TaskThread$WrappingRunnable.run(TaskThread.java:61)
		at java.base/java.lang.Thread.run(Thread.java:829)
20-Oct-2022 12:01:07.758 INFO [main] org.apache.catalina.startup.VersionLoggerListener.log Server version name:   Apache Tomcat/9.0.68
20-Oct-2022 12:01:07.768 INFO [main] org.apache.catalina.startup.VersionLoggerListener.log Server built:          Oct 3 2022 19:06:10 UTC
20-Oct-2022 12:01:07.768 INFO [main] org.apache.catalina.startup.VersionLoggerListener.log Server version number: 9.0.68.0
20-Oct-2022 12:01:07.812 INFO [main] org.apache.catalina.startup.VersionLoggerListener.log OS Name:               Linux
20-Oct-2022 12:01:07.812 INFO [main] org.apache.catalina.startup.VersionLoggerListener.log OS Version:            4.19.0-22-cloud-amd64
20-Oct-2022 12:01:07.817 INFO [main] org.apache.catalina.startup.VersionLoggerListener.log Architecture:          amd64
20-Oct-2022 12:01:07.817 INFO [main] org.apache.catalina.startup.VersionLoggerListener.log Java Home:             /usr/lib/jvm/java-11-openjdk-amd64
20-Oct-2022 12:01:07.818 INFO [main] org.apache.catalina.startup.VersionLoggerListener.log JVM Version:           11.0.16+8-post-Ubuntu-0ubuntu120.04
20-Oct-2022 12:01:07.818 INFO [main] org.apache.catalina.startup.VersionLoggerListener.log JVM Vendor:            Ubuntu
20-Oct-2022 12:01:07.818 INFO [main] org.apache.catalina.startup.VersionLoggerListener.log CATALINA_BASE:         /usr/local/tomcat
20-Oct-2022 12:01:07.818 INFO [main] org.apache.catalina.startup.VersionLoggerListener.log CATALINA_HOME:         /usr/local/tomcat
20-Oct-2022 12:01:07.835 INFO [main] org.apache.catalina.startup.VersionLoggerListener.log Command line argument: --add-opens=java.base/java.lang=ALL-UNNAMED
20-Oct-2022 12:01:07.836 INFO [main] org.apache.catalina.startup.VersionLoggerListener.log Command line argument: --add-opens=java.base/java.io=ALL-UNNAMED
20-Oct-2022 12:01:07.836 INFO [main] org.apache.catalina.startup.VersionLoggerListener.log Command line argument: --add-opens=java.base/java.util=ALL-UNNAMED
20-Oct-2022 12:01:07.836 INFO [main] org.apache.catalina.startup.VersionLoggerListener.log Command line argument: --add-opens=java.base/java.util.concurrent=ALL-UNNAMED
20-Oct-2022 12:01:07.836 INFO [main] org.apache.catalina.startup.VersionLoggerListener.log Command line argument: --add-opens=java.rmi/sun.rmi.transport=ALL-UNNAMED
20-Oct-2022 12:01:07.836 INFO [main] org.apache.catalina.startup.VersionLoggerListener.log Command line argument: -Djava.util.logging.config.file=/usr/local/tomcat/conf/logging.properties
20-Oct-2022 12:01:07.836 INFO [main] org.apache.catalina.startup.VersionLoggerListener.log Command line argument: -Djava.util.logging.manager=org.apache.juli.ClassLoaderLogManager
20-Oct-2022 12:01:07.836 INFO [main] org.apache.catalina.startup.VersionLoggerListener.log Command line argument: -Djdk.tls.ephemeralDHKeySize=2048
20-Oct-2022 12:01:07.837 INFO [main] org.apache.catalina.startup.VersionLoggerListener.log Command line argument: -Djava.protocol.handler.pkgs=org.apache.catalina.webresources
20-Oct-2022 12:01:07.837 INFO [main] org.apache.catalina.startup.VersionLoggerListener.log Command line argument: -Dorg.apache.catalina.security.SecurityListener.UMASK=0027
20-Oct-2022 12:01:07.837 INFO [main] org.apache.catalina.startup.VersionLoggerListener.log Command line argument: -Dignore.endorsed.dirs=
20-Oct-2022 12:01:07.837 INFO [main] org.apache.catalina.startup.VersionLoggerListener.log Command line argument: -Dcatalina.base=/usr/local/tomcat
20-Oct-2022 12:01:07.837 INFO [main] org.apache.catalina.startup.VersionLoggerListener.log Command line argument: -Dcatalina.home=/usr/local/tomcat
20-Oct-2022 12:01:07.837 INFO [main] org.apache.catalina.startup.VersionLoggerListener.log Command line argument: -Djava.io.tmpdir=/usr/local/tomcat/temp
20-Oct-2022 12:01:07.845 INFO [main] org.apache.catalina.core.AprLifecycleListener.lifecycleEvent The Apache Tomcat Native library which allows using OpenSSL was not found on the java.library.path: [/usr/java/packages/lib:/usr/lib/x86_64-linux-gnu/jni:/lib/x86_64-linux-gnu:/usr/lib/x86_64-linux-gnu:/usr/lib/jni:/lib:/usr/lib]
20-Oct-2022 12:01:08.870 INFO [main] org.apache.coyote.AbstractProtocol.init Initializing ProtocolHandler ["http-nio-8080"]
20-Oct-2022 12:01:08.975 INFO [main] org.apache.catalina.startup.Catalina.load Server initialization in [1881] milliseconds
20-Oct-2022 12:01:09.218 INFO [main] org.apache.catalina.core.StandardService.startInternal Starting service [Catalina]
20-Oct-2022 12:01:09.219 INFO [main] org.apache.catalina.core.StandardEngine.startInternal Starting Servlet engine: [Apache Tomcat/9.0.68]
20-Oct-2022 12:01:09.246 INFO [main] org.apache.catalina.startup.HostConfig.deployDirectory Deploying web application directory [/usr/local/tomcat/webapps/server]
20-Oct-2022 12:01:26.914 INFO [main] org.apache.jasper.servlet.TldScanner.scanJars At least one JAR was scanned for TLDs yet contained no TLDs. Enable debug logging for this logger for a complete list of JARs that were scanned but no TLDs were found in them. Skipping unneeded JARs during scanning can improve startup time and JSP compilation time.
20-Oct-2022 12:02:06.274 INFO [main] org.apache.jasper.servlet.TldScanner.scanJars At least one JAR was scanned for TLDs yet contained no TLDs. Enable debug logging for this logger for a complete list of JARs that were scanned but no TLDs were found in them. Skipping unneeded JARs during scanning can improve startup time and JSP compilation time.
20-Oct-2022 12:02:06.306 INFO [main] org.apache.catalina.startup.HostConfig.deployDirectory Deployment of web application directory [/usr/local/tomcat/webapps/server] has finished in [57,058] ms
20-Oct-2022 12:02:06.309 INFO [main] org.apache.coyote.AbstractProtocol.start Starting ProtocolHandler ["http-nio-8080"]
20-Oct-2022 12:02:06.329 INFO [main] org.apache.catalina.startup.Catalina.start Server startup in [57347] milliseconds
20-Oct-2022 13:22:09.479 INFO [main] org.apache.catalina.startup.VersionLoggerListener.log Server version name:   Apache Tomcat/9.0.68
20-Oct-2022 13:22:09.481 INFO [main] org.apache.catalina.startup.VersionLoggerListener.log Server built:          Oct 3 2022 19:06:10 UTC
20-Oct-2022 13:22:09.482 INFO [main] org.apache.catalina.startup.VersionLoggerListener.log Server version number: 9.0.68.0
20-Oct-2022 13:22:09.482 INFO [main] org.apache.catalina.startup.VersionLoggerListener.log OS Name:               Linux
20-Oct-2022 13:22:09.482 INFO [main] org.apache.catalina.startup.VersionLoggerListener.log OS Version:            4.19.0-22-cloud-amd64
20-Oct-2022 13:22:09.482 INFO [main] org.apache.catalina.startup.VersionLoggerListener.log Architecture:          amd64
20-Oct-2022 13:22:09.482 INFO [main] org.apache.catalina.startup.VersionLoggerListener.log Java Home:             /usr/lib/jvm/java-11-openjdk-amd64
20-Oct-2022 13:22:09.482 INFO [main] org.apache.catalina.startup.VersionLoggerListener.log JVM Version:           11.0.16+8-post-Ubuntu-0ubuntu120.04
20-Oct-2022 13:22:09.482 INFO [main] org.apache.catalina.startup.VersionLoggerListener.log JVM Vendor:            Ubuntu
20-Oct-2022 13:22:09.482 INFO [main] org.apache.catalina.startup.VersionLoggerListener.log CATALINA_BASE:         /usr/local/tomcat
20-Oct-2022 13:22:09.482 INFO [main] org.apache.catalina.startup.VersionLoggerListener.log CATALINA_HOME:         /usr/local/tomcat
20-Oct-2022 13:22:09.494 INFO [main] org.apache.catalina.startup.VersionLoggerListener.log Command line argument: --add-opens=java.base/java.lang=ALL-UNNAMED
20-Oct-2022 13:22:09.494 INFO [main] org.apache.catalina.startup.VersionLoggerListener.log Command line argument: --add-opens=java.base/java.io=ALL-UNNAMED
20-Oct-2022 13:22:09.494 INFO [main] org.apache.catalina.startup.VersionLoggerListener.log Command line argument: --add-opens=java.base/java.util=ALL-UNNAMED
20-Oct-2022 13:22:09.494 INFO [main] org.apache.catalina.startup.VersionLoggerListener.log Command line argument: --add-opens=java.base/java.util.concurrent=ALL-UNNAMED
20-Oct-2022 13:22:09.494 INFO [main] org.apache.catalina.startup.VersionLoggerListener.log Command line argument: --add-opens=java.rmi/sun.rmi.transport=ALL-UNNAMED
20-Oct-2022 13:22:09.495 INFO [main] org.apache.catalina.startup.VersionLoggerListener.log Command line argument: -Djava.util.logging.config.file=/usr/local/tomcat/conf/logging.properties
20-Oct-2022 13:22:09.495 INFO [main] org.apache.catalina.startup.VersionLoggerListener.log Command line argument: -Djava.util.logging.manager=org.apache.juli.ClassLoaderLogManager
20-Oct-2022 13:22:09.495 INFO [main] org.apache.catalina.startup.VersionLoggerListener.log Command line argument: -Djdk.tls.ephemeralDHKeySize=2048
20-Oct-2022 13:22:09.495 INFO [main] org.apache.catalina.startup.VersionLoggerListener.log Command line argument: -Djava.protocol.handler.pkgs=org.apache.catalina.webresources
20-Oct-2022 13:22:09.495 INFO [main] org.apache.catalina.startup.VersionLoggerListener.log Command line argument: -Dorg.apache.catalina.security.SecurityListener.UMASK=0027
20-Oct-2022 13:22:09.495 INFO [main] org.apache.catalina.startup.VersionLoggerListener.log Command line argument: -Dignore.endorsed.dirs=
20-Oct-2022 13:22:09.496 INFO [main] org.apache.catalina.startup.VersionLoggerListener.log Command line argument: -Dcatalina.base=/usr/local/tomcat
20-Oct-2022 13:22:09.496 INFO [main] org.apache.catalina.startup.VersionLoggerListener.log Command line argument: -Dcatalina.home=/usr/local/tomcat
20-Oct-2022 13:22:09.496 INFO [main] org.apache.catalina.startup.VersionLoggerListener.log Command line argument: -Djava.io.tmpdir=/usr/local/tomcat/temp
20-Oct-2022 13:22:09.498 INFO [main] org.apache.catalina.core.AprLifecycleListener.lifecycleEvent The Apache Tomcat Native library which allows using OpenSSL was not found on the java.library.path: [/usr/java/packages/lib:/usr/lib/x86_64-linux-gnu/jni:/lib/x86_64-linux-gnu:/usr/lib/x86_64-linux-gnu:/usr/lib/jni:/lib:/usr/lib]
20-Oct-2022 13:22:09.825 INFO [main] org.apache.coyote.AbstractProtocol.init Initializing ProtocolHandler ["http-nio-8080"]
20-Oct-2022 13:22:09.852 INFO [main] org.apache.catalina.startup.Catalina.load Server initialization in [581] milliseconds
20-Oct-2022 13:22:09.911 INFO [main] org.apache.catalina.core.StandardService.startInternal Starting service [Catalina]
20-Oct-2022 13:22:09.912 INFO [main] org.apache.catalina.core.StandardEngine.startInternal Starting Servlet engine: [Apache Tomcat/9.0.68]
20-Oct-2022 13:22:09.920 INFO [main] org.apache.catalina.startup.HostConfig.deployDirectory Deploying web application directory [/usr/local/tomcat/webapps/server]
20-Oct-2022 13:22:19.427 INFO [main] org.apache.jasper.servlet.TldScanner.scanJars At least one JAR was scanned for TLDs yet contained no TLDs. Enable debug logging for this logger for a complete list of JARs that were scanned but no TLDs were found in them. Skipping unneeded JARs during scanning can improve startup time and JSP compilation time.
20-Oct-2022 13:22:20.079 INFO [main] org.apache.jasper.servlet.TldScanner.scanJars At least one JAR was scanned for TLDs yet contained no TLDs. Enable debug logging for this logger for a complete list of JARs that were scanned but no TLDs were found in them. Skipping unneeded JARs during scanning can improve startup time and JSP compilation time.
20-Oct-2022 13:22:43.697 INFO [main] org.apache.catalina.startup.HostConfig.deployDirectory Deployment of web application directory [/usr/local/tomcat/webapps/server] has finished in [33,774] ms
20-Oct-2022 13:22:43.700 INFO [main] org.apache.coyote.AbstractProtocol.start Starting ProtocolHandler ["http-nio-8080"]
20-Oct-2022 13:22:43.717 INFO [main] org.apache.catalina.startup.Catalina.start Server startup in [33864] milliseconds
20-Oct-2022 13:25:20.309 INFO [http-nio-8080-exec-10] org.apache.coyote.http11.Http11Processor.service Error parsing HTTP request header
 Note: further occurrences of HTTP request parsing errors will be logged at DEBUG level.
	java.lang.IllegalArgumentException: Invalid character found in the request target [/server/api/submission/vocabularies/common_types/entries?filter=Precious%20Possession%20|%20%D9%85%D9%82%D8%AA%D9%86%D9%89%20%D8%AB%D9%85%D9%8A%D9%86&exact=true ]. The valid characters are defined in RFC 7230 and RFC 3986
		at org.apache.coyote.http11.Http11InputBuffer.parseRequestLine(Http11InputBuffer.java:494)
		at org.apache.coyote.http11.Http11Processor.service(Http11Processor.java:271)
		at org.apache.coyote.AbstractProcessorLight.process(AbstractProcessorLight.java:65)
		at org.apache.coyote.AbstractProtocol$ConnectionHandler.process(AbstractProtocol.java:893)
		at org.apache.tomcat.util.net.NioEndpoint$SocketProcessor.doRun(NioEndpoint.java:1789)
		at org.apache.tomcat.util.net.SocketProcessorBase.run(SocketProcessorBase.java:49)
		at org.apache.tomcat.util.threads.ThreadPoolExecutor.runWorker(ThreadPoolExecutor.java:1191)
		at org.apache.tomcat.util.threads.ThreadPoolExecutor$Worker.run(ThreadPoolExecutor.java:659)
		at org.apache.tomcat.util.threads.TaskThread$WrappingRunnable.run(TaskThread.java:61)
		at java.base/java.lang.Thread.run(Thread.java:829)
20-Oct-2022 13:28:39.855 INFO [main] org.apache.catalina.startup.VersionLoggerListener.log Server version name:   Apache Tomcat/9.0.68
20-Oct-2022 13:28:39.860 INFO [main] org.apache.catalina.startup.VersionLoggerListener.log Server built:          Oct 3 2022 19:06:10 UTC
20-Oct-2022 13:28:39.860 INFO [main] org.apache.catalina.startup.VersionLoggerListener.log Server version number: 9.0.68.0
20-Oct-2022 13:28:39.860 INFO [main] org.apache.catalina.startup.VersionLoggerListener.log OS Name:               Linux
20-Oct-2022 13:28:39.860 INFO [main] org.apache.catalina.startup.VersionLoggerListener.log OS Version:            4.19.0-22-cloud-amd64
20-Oct-2022 13:28:39.860 INFO [main] org.apache.catalina.startup.VersionLoggerListener.log Architecture:          amd64
20-Oct-2022 13:28:39.860 INFO [main] org.apache.catalina.startup.VersionLoggerListener.log Java Home:             /usr/lib/jvm/java-11-openjdk-amd64
20-Oct-2022 13:28:39.860 INFO [main] org.apache.catalina.startup.VersionLoggerListener.log JVM Version:           11.0.16+8-post-Ubuntu-0ubuntu120.04
20-Oct-2022 13:28:39.860 INFO [main] org.apache.catalina.startup.VersionLoggerListener.log JVM Vendor:            Ubuntu
20-Oct-2022 13:28:39.860 INFO [main] org.apache.catalina.startup.VersionLoggerListener.log CATALINA_BASE:         /usr/local/tomcat
20-Oct-2022 13:28:39.861 INFO [main] org.apache.catalina.startup.VersionLoggerListener.log CATALINA_HOME:         /usr/local/tomcat
20-Oct-2022 13:28:39.869 INFO [main] org.apache.catalina.startup.VersionLoggerListener.log Command line argument: --add-opens=java.base/java.lang=ALL-UNNAMED
20-Oct-2022 13:28:39.869 INFO [main] org.apache.catalina.startup.VersionLoggerListener.log Command line argument: --add-opens=java.base/java.io=ALL-UNNAMED
20-Oct-2022 13:28:39.869 INFO [main] org.apache.catalina.startup.VersionLoggerListener.log Command line argument: --add-opens=java.base/java.util=ALL-UNNAMED
20-Oct-2022 13:28:39.870 INFO [main] org.apache.catalina.startup.VersionLoggerListener.log Command line argument: --add-opens=java.base/java.util.concurrent=ALL-UNNAMED
20-Oct-2022 13:28:39.870 INFO [main] org.apache.catalina.startup.VersionLoggerListener.log Command line argument: --add-opens=java.rmi/sun.rmi.transport=ALL-UNNAMED
20-Oct-2022 13:28:39.870 INFO [main] org.apache.catalina.startup.VersionLoggerListener.log Command line argument: -Djava.util.logging.config.file=/usr/local/tomcat/conf/logging.properties
20-Oct-2022 13:28:39.870 INFO [main] org.apache.catalina.startup.VersionLoggerListener.log Command line argument: -Djava.util.logging.manager=org.apache.juli.ClassLoaderLogManager
20-Oct-2022 13:28:39.870 INFO [main] org.apache.catalina.startup.VersionLoggerListener.log Command line argument: -Djdk.tls.ephemeralDHKeySize=2048
20-Oct-2022 13:28:39.870 INFO [main] org.apache.catalina.startup.VersionLoggerListener.log Command line argument: -Djava.protocol.handler.pkgs=org.apache.catalina.webresources
20-Oct-2022 13:28:39.870 INFO [main] org.apache.catalina.startup.VersionLoggerListener.log Command line argument: -Dorg.apache.catalina.security.SecurityListener.UMASK=0027
20-Oct-2022 13:28:39.871 INFO [main] org.apache.catalina.startup.VersionLoggerListener.log Command line argument: -Dignore.endorsed.dirs=
20-Oct-2022 13:28:39.871 INFO [main] org.apache.catalina.startup.VersionLoggerListener.log Command line argument: -Dcatalina.base=/usr/local/tomcat
20-Oct-2022 13:28:39.871 INFO [main] org.apache.catalina.startup.VersionLoggerListener.log Command line argument: -Dcatalina.home=/usr/local/tomcat
20-Oct-2022 13:28:39.871 INFO [main] org.apache.catalina.startup.VersionLoggerListener.log Command line argument: -Djava.io.tmpdir=/usr/local/tomcat/temp
20-Oct-2022 13:28:39.872 INFO [main] org.apache.catalina.core.AprLifecycleListener.lifecycleEvent The Apache Tomcat Native library which allows using OpenSSL was not found on the java.library.path: [/usr/java/packages/lib:/usr/lib/x86_64-linux-gnu/jni:/lib/x86_64-linux-gnu:/usr/lib/x86_64-linux-gnu:/usr/lib/jni:/lib:/usr/lib]
20-Oct-2022 13:28:40.202 INFO [main] org.apache.coyote.AbstractProtocol.init Initializing ProtocolHandler ["http-nio-8080"]
20-Oct-2022 13:28:40.228 INFO [main] org.apache.catalina.startup.Catalina.load Server initialization in [583] milliseconds
20-Oct-2022 13:28:40.289 INFO [main] org.apache.catalina.core.StandardService.startInternal Starting service [Catalina]
20-Oct-2022 13:28:40.290 INFO [main] org.apache.catalina.core.StandardEngine.startInternal Starting Servlet engine: [Apache Tomcat/9.0.68]
20-Oct-2022 13:28:40.297 INFO [main] org.apache.catalina.startup.HostConfig.deployDirectory Deploying web application directory [/usr/local/tomcat/webapps/server]
20-Oct-2022 13:28:48.578 INFO [main] org.apache.jasper.servlet.TldScanner.scanJars At least one JAR was scanned for TLDs yet contained no TLDs. Enable debug logging for this logger for a complete list of JARs that were scanned but no TLDs were found in them. Skipping unneeded JARs during scanning can improve startup time and JSP compilation time.
20-Oct-2022 13:29:13.393 INFO [main] org.apache.jasper.servlet.TldScanner.scanJars At least one JAR was scanned for TLDs yet contained no TLDs. Enable debug logging for this logger for a complete list of JARs that were scanned but no TLDs were found in them. Skipping unneeded JARs during scanning can improve startup time and JSP compilation time.
20-Oct-2022 13:29:13.428 INFO [main] org.apache.catalina.startup.HostConfig.deployDirectory Deployment of web application directory [/usr/local/tomcat/webapps/server] has finished in [33,129] ms
20-Oct-2022 13:29:13.431 INFO [main] org.apache.coyote.AbstractProtocol.start Starting ProtocolHandler ["http-nio-8080"]
20-Oct-2022 13:29:13.453 INFO [main] org.apache.catalina.startup.Catalina.start Server startup in [33225] milliseconds
20-Oct-2022 13:34:01.266 INFO [http-nio-8080-exec-7] org.apache.coyote.http11.Http11Processor.service Error parsing HTTP request header
 Note: further occurrences of HTTP request parsing errors will be logged at DEBUG level.
	java.lang.IllegalArgumentException: Invalid character found in the request target [/server/api/submission/vocabularies/common_types/entries?filter=Precious%20Possession%20|%20%D9%85%D9%82%D8%AA%D9%86%D9%89%20%D8%AB%D9%85%D9%8A%D9%86&exact=true ]. The valid characters are defined in RFC 7230 and RFC 3986
		at org.apache.coyote.http11.Http11InputBuffer.parseRequestLine(Http11InputBuffer.java:494)
		at org.apache.coyote.http11.Http11Processor.service(Http11Processor.java:271)
		at org.apache.coyote.AbstractProcessorLight.process(AbstractProcessorLight.java:65)
		at org.apache.coyote.AbstractProtocol$ConnectionHandler.process(AbstractProtocol.java:893)
		at org.apache.tomcat.util.net.NioEndpoint$SocketProcessor.doRun(NioEndpoint.java:1789)
		at org.apache.tomcat.util.net.SocketProcessorBase.run(SocketProcessorBase.java:49)
		at org.apache.tomcat.util.threads.ThreadPoolExecutor.runWorker(ThreadPoolExecutor.java:1191)
		at org.apache.tomcat.util.threads.ThreadPoolExecutor$Worker.run(ThreadPoolExecutor.java:659)
		at org.apache.tomcat.util.threads.TaskThread$WrappingRunnable.run(TaskThread.java:61)
		at java.base/java.lang.Thread.run(Thread.java:829)
20-Oct-2022 13:40:43.423 INFO [http-nio-8080-exec-1] org.apache.coyote.http11.Http11Processor.service Error parsing HTTP request header
 Note: further occurrences of HTTP request parsing errors will be logged at DEBUG level.
	java.lang.IllegalArgumentException: Invalid character found in the request target [/server/api/submission/vocabularies/common_types/entries?filter=Precious%20Possession%20|%20%D9%85%D9%82%D8%AA%D9%86%D9%89%20%D8%AB%D9%85%D9%8A%D9%86&exact=true ]. The valid characters are defined in RFC 7230 and RFC 3986
		at org.apache.coyote.http11.Http11InputBuffer.parseRequestLine(Http11InputBuffer.java:494)
		at org.apache.coyote.http11.Http11Processor.service(Http11Processor.java:271)
		at org.apache.coyote.AbstractProcessorLight.process(AbstractProcessorLight.java:65)
		at org.apache.coyote.AbstractProtocol$ConnectionHandler.process(AbstractProtocol.java:893)
		at org.apache.tomcat.util.net.NioEndpoint$SocketProcessor.doRun(NioEndpoint.java:1789)
		at org.apache.tomcat.util.net.SocketProcessorBase.run(SocketProcessorBase.java:49)
		at org.apache.tomcat.util.threads.ThreadPoolExecutor.runWorker(ThreadPoolExecutor.java:1191)
		at org.apache.tomcat.util.threads.ThreadPoolExecutor$Worker.run(ThreadPoolExecutor.java:659)
		at org.apache.tomcat.util.threads.TaskThread$WrappingRunnable.run(TaskThread.java:61)
		at java.base/java.lang.Thread.run(Thread.java:829)
20-Oct-2022 13:44:37.883 INFO [main] org.apache.catalina.startup.VersionLoggerListener.log Server version name:   Apache Tomcat/9.0.68
20-Oct-2022 13:44:37.887 INFO [main] org.apache.catalina.startup.VersionLoggerListener.log Server built:          Oct 3 2022 19:06:10 UTC
20-Oct-2022 13:44:37.887 INFO [main] org.apache.catalina.startup.VersionLoggerListener.log Server version number: 9.0.68.0
20-Oct-2022 13:44:37.887 INFO [main] org.apache.catalina.startup.VersionLoggerListener.log OS Name:               Linux
20-Oct-2022 13:44:37.888 INFO [main] org.apache.catalina.startup.VersionLoggerListener.log OS Version:            4.19.0-22-cloud-amd64
20-Oct-2022 13:44:37.888 INFO [main] org.apache.catalina.startup.VersionLoggerListener.log Architecture:          amd64
20-Oct-2022 13:44:37.888 INFO [main] org.apache.catalina.startup.VersionLoggerListener.log Java Home:             /usr/lib/jvm/java-11-openjdk-amd64
20-Oct-2022 13:44:37.888 INFO [main] org.apache.catalina.startup.VersionLoggerListener.log JVM Version:           11.0.16+8-post-Ubuntu-0ubuntu120.04
20-Oct-2022 13:44:37.888 INFO [main] org.apache.catalina.startup.VersionLoggerListener.log JVM Vendor:            Ubuntu
20-Oct-2022 13:44:37.888 INFO [main] org.apache.catalina.startup.VersionLoggerListener.log CATALINA_BASE:         /usr/local/tomcat
20-Oct-2022 13:44:37.888 INFO [main] org.apache.catalina.startup.VersionLoggerListener.log CATALINA_HOME:         /usr/local/tomcat
20-Oct-2022 13:44:37.900 INFO [main] org.apache.catalina.startup.VersionLoggerListener.log Command line argument: --add-opens=java.base/java.lang=ALL-UNNAMED
20-Oct-2022 13:44:37.900 INFO [main] org.apache.catalina.startup.VersionLoggerListener.log Command line argument: --add-opens=java.base/java.io=ALL-UNNAMED
20-Oct-2022 13:44:37.900 INFO [main] org.apache.catalina.startup.VersionLoggerListener.log Command line argument: --add-opens=java.base/java.util=ALL-UNNAMED
20-Oct-2022 13:44:37.900 INFO [main] org.apache.catalina.startup.VersionLoggerListener.log Command line argument: --add-opens=java.base/java.util.concurrent=ALL-UNNAMED
20-Oct-2022 13:44:37.900 INFO [main] org.apache.catalina.startup.VersionLoggerListener.log Command line argument: --add-opens=java.rmi/sun.rmi.transport=ALL-UNNAMED
20-Oct-2022 13:44:37.901 INFO [main] org.apache.catalina.startup.VersionLoggerListener.log Command line argument: -Djava.util.logging.config.file=/usr/local/tomcat/conf/logging.properties
20-Oct-2022 13:44:37.901 INFO [main] org.apache.catalina.startup.VersionLoggerListener.log Command line argument: -Djava.util.logging.manager=org.apache.juli.ClassLoaderLogManager
20-Oct-2022 13:44:37.901 INFO [main] org.apache.catalina.startup.VersionLoggerListener.log Command line argument: -Djdk.tls.ephemeralDHKeySize=2048
20-Oct-2022 13:44:37.901 INFO [main] org.apache.catalina.startup.VersionLoggerListener.log Command line argument: -Djava.protocol.handler.pkgs=org.apache.catalina.webresources
20-Oct-2022 13:44:37.901 INFO [main] org.apache.catalina.startup.VersionLoggerListener.log Command line argument: -Dorg.apache.catalina.security.SecurityListener.UMASK=0027
20-Oct-2022 13:44:37.901 INFO [main] org.apache.catalina.startup.VersionLoggerListener.log Command line argument: -Dignore.endorsed.dirs=
20-Oct-2022 13:44:37.901 INFO [main] org.apache.catalina.startup.VersionLoggerListener.log Command line argument: -Dcatalina.base=/usr/local/tomcat
20-Oct-2022 13:44:37.901 INFO [main] org.apache.catalina.startup.VersionLoggerListener.log Command line argument: -Dcatalina.home=/usr/local/tomcat
20-Oct-2022 13:44:37.901 INFO [main] org.apache.catalina.startup.VersionLoggerListener.log Command line argument: -Djava.io.tmpdir=/usr/local/tomcat/temp
20-Oct-2022 13:44:37.903 INFO [main] org.apache.catalina.core.AprLifecycleListener.lifecycleEvent The Apache Tomcat Native library which allows using OpenSSL was not found on the java.library.path: [/usr/java/packages/lib:/usr/lib/x86_64-linux-gnu/jni:/lib/x86_64-linux-gnu:/usr/lib/x86_64-linux-gnu:/usr/lib/jni:/lib:/usr/lib]
20-Oct-2022 13:44:38.238 INFO [main] org.apache.coyote.AbstractProtocol.init Initializing ProtocolHandler ["http-nio-8080"]
20-Oct-2022 13:44:38.264 INFO [main] org.apache.catalina.startup.Catalina.load Server initialization in [584] milliseconds
20-Oct-2022 13:44:38.325 INFO [main] org.apache.catalina.core.StandardService.startInternal Starting service [Catalina]
20-Oct-2022 13:44:38.326 INFO [main] org.apache.catalina.core.StandardEngine.startInternal Starting Servlet engine: [Apache Tomcat/9.0.68]
20-Oct-2022 13:44:38.334 INFO [main] org.apache.catalina.startup.HostConfig.deployDirectory Deploying web application directory [/usr/local/tomcat/webapps/server]
20-Oct-2022 13:44:47.449 INFO [main] org.apache.jasper.servlet.TldScanner.scanJars At least one JAR was scanned for TLDs yet contained no TLDs. Enable debug logging for this logger for a complete list of JARs that were scanned but no TLDs were found in them. Skipping unneeded JARs during scanning can improve startup time and JSP compilation time.
20-Oct-2022 13:44:48.111 INFO [main] org.apache.jasper.servlet.TldScanner.scanJars At least one JAR was scanned for TLDs yet contained no TLDs. Enable debug logging for this logger for a complete list of JARs that were scanned but no TLDs were found in them. Skipping unneeded JARs during scanning can improve startup time and JSP compilation time.
20-Oct-2022 13:45:12.290 INFO [main] org.apache.catalina.startup.HostConfig.deployDirectory Deployment of web application directory [/usr/local/tomcat/webapps/server] has finished in [33,953] ms
20-Oct-2022 13:45:12.296 INFO [main] org.apache.coyote.AbstractProtocol.start Starting ProtocolHandler ["http-nio-8080"]
20-Oct-2022 13:45:12.327 INFO [main] org.apache.catalina.startup.Catalina.start Server startup in [34062] milliseconds
20-Oct-2022 13:45:45.168 INFO [http-nio-8080-exec-9] org.apache.coyote.http11.Http11Processor.service Error parsing HTTP request header
 Note: further occurrences of HTTP request parsing errors will be logged at DEBUG level.
	java.lang.IllegalArgumentException: Invalid character found in the request target [/server/api/submission/vocabularies/common_types/entries?filter=Precious%20Possession%20|%20%D9%85%D9%82%D8%AA%D9%86%D9%89%20%D8%AB%D9%85%D9%8A%D9%86&exact=true ]. The valid characters are defined in RFC 7230 and RFC 3986
		at org.apache.coyote.http11.Http11InputBuffer.parseRequestLine(Http11InputBuffer.java:494)
		at org.apache.coyote.http11.Http11Processor.service(Http11Processor.java:271)
		at org.apache.coyote.AbstractProcessorLight.process(AbstractProcessorLight.java:65)
		at org.apache.coyote.AbstractProtocol$ConnectionHandler.process(AbstractProtocol.java:893)
		at org.apache.tomcat.util.net.NioEndpoint$SocketProcessor.doRun(NioEndpoint.java:1789)
		at org.apache.tomcat.util.net.SocketProcessorBase.run(SocketProcessorBase.java:49)
		at org.apache.tomcat.util.threads.ThreadPoolExecutor.runWorker(ThreadPoolExecutor.java:1191)
		at org.apache.tomcat.util.threads.ThreadPoolExecutor$Worker.run(ThreadPoolExecutor.java:659)
		at org.apache.tomcat.util.threads.TaskThread$WrappingRunnable.run(TaskThread.java:61)
		at java.base/java.lang.Thread.run(Thread.java:829)
20-Oct-2022 13:52:29.714 INFO [http-nio-8080-exec-3] org.apache.coyote.http11.Http11Processor.service Error parsing HTTP request header
 Note: further occurrences of HTTP request parsing errors will be logged at DEBUG level.
	java.lang.IllegalArgumentException: Invalid character found in the request target [/server/api/submission/vocabularies/common_types/entries?filter=Quran%20|%20%D9%85%D8%B5%D8%AD%D9%81&exact=true ]. The valid characters are defined in RFC 7230 and RFC 3986
		at org.apache.coyote.http11.Http11InputBuffer.parseRequestLine(Http11InputBuffer.java:494)
		at org.apache.coyote.http11.Http11Processor.service(Http11Processor.java:271)
		at org.apache.coyote.AbstractProcessorLight.process(AbstractProcessorLight.java:65)
		at org.apache.coyote.AbstractProtocol$ConnectionHandler.process(AbstractProtocol.java:893)
		at org.apache.tomcat.util.net.NioEndpoint$SocketProcessor.doRun(NioEndpoint.java:1789)
		at org.apache.tomcat.util.net.SocketProcessorBase.run(SocketProcessorBase.java:49)
		at org.apache.tomcat.util.threads.ThreadPoolExecutor.runWorker(ThreadPoolExecutor.java:1191)
		at org.apache.tomcat.util.threads.ThreadPoolExecutor$Worker.run(ThreadPoolExecutor.java:659)
		at org.apache.tomcat.util.threads.TaskThread$WrappingRunnable.run(TaskThread.java:61)
		at java.base/java.lang.Thread.run(Thread.java:829)
20-Oct-2022 14:29:01.709 INFO [main] org.apache.catalina.startup.VersionLoggerListener.log Server version name:   Apache Tomcat/9.0.68
20-Oct-2022 14:29:01.714 INFO [main] org.apache.catalina.startup.VersionLoggerListener.log Server built:          Oct 3 2022 19:06:10 UTC
20-Oct-2022 14:29:01.714 INFO [main] org.apache.catalina.startup.VersionLoggerListener.log Server version number: 9.0.68.0
20-Oct-2022 14:29:01.715 INFO [main] org.apache.catalina.startup.VersionLoggerListener.log OS Name:               Linux
20-Oct-2022 14:29:01.715 INFO [main] org.apache.catalina.startup.VersionLoggerListener.log OS Version:            4.19.0-22-cloud-amd64
20-Oct-2022 14:29:01.715 INFO [main] org.apache.catalina.startup.VersionLoggerListener.log Architecture:          amd64
20-Oct-2022 14:29:01.715 INFO [main] org.apache.catalina.startup.VersionLoggerListener.log Java Home:             /usr/lib/jvm/java-11-openjdk-amd64
20-Oct-2022 14:29:01.715 INFO [main] org.apache.catalina.startup.VersionLoggerListener.log JVM Version:           11.0.16+8-post-Ubuntu-0ubuntu120.04
20-Oct-2022 14:29:01.715 INFO [main] org.apache.catalina.startup.VersionLoggerListener.log JVM Vendor:            Ubuntu
20-Oct-2022 14:29:01.715 INFO [main] org.apache.catalina.startup.VersionLoggerListener.log CATALINA_BASE:         /usr/local/tomcat
20-Oct-2022 14:29:01.715 INFO [main] org.apache.catalina.startup.VersionLoggerListener.log CATALINA_HOME:         /usr/local/tomcat
20-Oct-2022 14:29:01.726 INFO [main] org.apache.catalina.startup.VersionLoggerListener.log Command line argument: --add-opens=java.base/java.lang=ALL-UNNAMED
20-Oct-2022 14:29:01.726 INFO [main] org.apache.catalina.startup.VersionLoggerListener.log Command line argument: --add-opens=java.base/java.io=ALL-UNNAMED
20-Oct-2022 14:29:01.726 INFO [main] org.apache.catalina.startup.VersionLoggerListener.log Command line argument: --add-opens=java.base/java.util=ALL-UNNAMED
20-Oct-2022 14:29:01.726 INFO [main] org.apache.catalina.startup.VersionLoggerListener.log Command line argument: --add-opens=java.base/java.util.concurrent=ALL-UNNAMED
20-Oct-2022 14:29:01.726 INFO [main] org.apache.catalina.startup.VersionLoggerListener.log Command line argument: --add-opens=java.rmi/sun.rmi.transport=ALL-UNNAMED
20-Oct-2022 14:29:01.726 INFO [main] org.apache.catalina.startup.VersionLoggerListener.log Command line argument: -Djava.util.logging.config.file=/usr/local/tomcat/conf/logging.properties
20-Oct-2022 14:29:01.726 INFO [main] org.apache.catalina.startup.VersionLoggerListener.log Command line argument: -Djava.util.logging.manager=org.apache.juli.ClassLoaderLogManager
20-Oct-2022 14:29:01.726 INFO [main] org.apache.catalina.startup.VersionLoggerListener.log Command line argument: -Djdk.tls.ephemeralDHKeySize=2048
20-Oct-2022 14:29:01.727 INFO [main] org.apache.catalina.startup.VersionLoggerListener.log Command line argument: -Djava.protocol.handler.pkgs=org.apache.catalina.webresources
20-Oct-2022 14:29:01.727 INFO [main] org.apache.catalina.startup.VersionLoggerListener.log Command line argument: -Dorg.apache.catalina.security.SecurityListener.UMASK=0027
20-Oct-2022 14:29:01.727 INFO [main] org.apache.catalina.startup.VersionLoggerListener.log Command line argument: -Dignore.endorsed.dirs=
20-Oct-2022 14:29:01.727 INFO [main] org.apache.catalina.startup.VersionLoggerListener.log Command line argument: -Dcatalina.base=/usr/local/tomcat
20-Oct-2022 14:29:01.727 INFO [main] org.apache.catalina.startup.VersionLoggerListener.log Command line argument: -Dcatalina.home=/usr/local/tomcat
20-Oct-2022 14:29:01.727 INFO [main] org.apache.catalina.startup.VersionLoggerListener.log Command line argument: -Djava.io.tmpdir=/usr/local/tomcat/temp
20-Oct-2022 14:29:01.728 INFO [main] org.apache.catalina.core.AprLifecycleListener.lifecycleEvent The Apache Tomcat Native library which allows using OpenSSL was not found on the java.library.path: [/usr/java/packages/lib:/usr/lib/x86_64-linux-gnu/jni:/lib/x86_64-linux-gnu:/usr/lib/x86_64-linux-gnu:/usr/lib/jni:/lib:/usr/lib]
20-Oct-2022 14:29:02.075 INFO [main] org.apache.coyote.AbstractProtocol.init Initializing ProtocolHandler ["http-nio-8080"]
20-Oct-2022 14:29:02.100 INFO [main] org.apache.catalina.startup.Catalina.load Server initialization in [587] milliseconds
20-Oct-2022 14:29:02.154 INFO [main] org.apache.catalina.core.StandardService.startInternal Starting service [Catalina]
20-Oct-2022 14:29:02.154 INFO [main] org.apache.catalina.core.StandardEngine.startInternal Starting Servlet engine: [Apache Tomcat/9.0.68]
20-Oct-2022 14:29:02.161 INFO [main] org.apache.catalina.startup.HostConfig.deployDirectory Deploying web application directory [/usr/local/tomcat/webapps/server]
20-Oct-2022 14:29:12.273 INFO [main] org.apache.jasper.servlet.TldScanner.scanJars At least one JAR was scanned for TLDs yet contained no TLDs. Enable debug logging for this logger for a complete list of JARs that were scanned but no TLDs were found in them. Skipping unneeded JARs during scanning can improve startup time and JSP compilation time.
20-Oct-2022 14:29:13.213 INFO [main] org.apache.jasper.servlet.TldScanner.scanJars At least one JAR was scanned for TLDs yet contained no TLDs. Enable debug logging for this logger for a complete list of JARs that were scanned but no TLDs were found in them. Skipping unneeded JARs during scanning can improve startup time and JSP compilation time.
20-Oct-2022 14:29:38.509 INFO [main] org.apache.catalina.startup.HostConfig.deployDirectory Deployment of web application directory [/usr/local/tomcat/webapps/server] has finished in [36,346] ms
20-Oct-2022 14:29:38.513 INFO [main] org.apache.coyote.AbstractProtocol.start Starting ProtocolHandler ["http-nio-8080"]
20-Oct-2022 14:29:38.537 INFO [main] org.apache.catalina.startup.Catalina.start Server startup in [36436] milliseconds
20-Oct-2022 16:20:08.790 INFO [main] org.apache.catalina.core.StandardServer.await A valid shutdown command was received via the shutdown port. Stopping the Server instance.
20-Oct-2022 16:20:08.792 INFO [main] org.apache.coyote.AbstractProtocol.pause Pausing ProtocolHandler ["http-nio-8080"]
20-Oct-2022 16:20:08.792 INFO [main] org.apache.catalina.core.StandardService.stopInternal Stopping service [Catalina]
20-Oct-2022 16:20:08.912 WARNING [main] org.apache.catalina.loader.WebappClassLoaderBase.clearReferencesThreads The web application [server] appears to have started a thread named [Thread-1] but has failed to stop it. This is very likely to create a memory leak. Stack trace of thread:
 java.base@11.0.16/java.lang.Object.wait(Native Method)
 org.dspace.service.impl.HttpConnectionPoolService$IdleConnectionMonitorThread.run(HttpConnectionPoolService.java:176)
20-Oct-2022 16:20:08.913 SEVERE [main] org.apache.catalina.loader.WebappClassLoaderBase.checkThreadLocalMapForLeaks The web application [server] created a ThreadLocal with key of type [java.lang.ThreadLocal] (value [java.lang.ThreadLocal@7265b970]) and a value of type [net.sf.saxon.expr.sort.LRUCache] (value [net.sf.saxon.expr.sort.LRUCache@556c0cba]) but failed to remove it when the web application was stopped. Threads are going to be renewed over time to try and avoid a probable memory leak.
20-Oct-2022 16:20:08.914 SEVERE [main] org.apache.catalina.loader.WebappClassLoaderBase.checkThreadLocalMapForLeaks The web application [server] created a ThreadLocal with key of type [java.lang.ThreadLocal.SuppliedThreadLocal] (value [java.lang.ThreadLocal$SuppliedThreadLocal@70c1a486]) and a value of type [org.springframework.util.ConcurrentLruCache] (value [org.springframework.util.ConcurrentLruCache@32054e8]) but failed to remove it when the web application was stopped. Threads are going to be renewed over time to try and avoid a probable memory leak.
20-Oct-2022 16:20:08.914 SEVERE [main] org.apache.catalina.loader.WebappClassLoaderBase.checkThreadLocalMapForLeaks The web application [server] created a ThreadLocal with key of type [java.lang.ThreadLocal.SuppliedThreadLocal] (value [java.lang.ThreadLocal$SuppliedThreadLocal@70c1a486]) and a value of type [org.springframework.util.ConcurrentLruCache] (value [org.springframework.util.ConcurrentLruCache@77d78372]) but failed to remove it when the web application was stopped. Threads are going to be renewed over time to try and avoid a probable memory leak.
20-Oct-2022 16:20:08.915 SEVERE [main] org.apache.catalina.loader.WebappClassLoaderBase.checkThreadLocalMapForLeaks The web application [server] created a ThreadLocal with key of type [java.lang.ThreadLocal.SuppliedThreadLocal] (value [java.lang.ThreadLocal$SuppliedThreadLocal@70c1a486]) and a value of type [org.springframework.util.ConcurrentLruCache] (value [org.springframework.util.ConcurrentLruCache@787f5728]) but failed to remove it when the web application was stopped. Threads are going to be renewed over time to try and avoid a probable memory leak.
20-Oct-2022 16:20:08.915 SEVERE [main] org.apache.catalina.loader.WebappClassLoaderBase.checkThreadLocalMapForLeaks The web application [server] created a ThreadLocal with key of type [java.lang.ThreadLocal.SuppliedThreadLocal] (value [java.lang.ThreadLocal$SuppliedThreadLocal@70c1a486]) and a value of type [org.springframework.util.ConcurrentLruCache] (value [org.springframework.util.ConcurrentLruCache@33789746]) but failed to remove it when the web application was stopped. Threads are going to be renewed over time to try and avoid a probable memory leak.
20-Oct-2022 16:20:08.915 SEVERE [main] org.apache.catalina.loader.WebappClassLoaderBase.checkThreadLocalMapForLeaks The web application [server] created a ThreadLocal with key of type [java.lang.ThreadLocal.SuppliedThreadLocal] (value [java.lang.ThreadLocal$SuppliedThreadLocal@70c1a486]) and a value of type [org.springframework.util.ConcurrentLruCache] (value [org.springframework.util.ConcurrentLruCache@3ac3a1ce]) but failed to remove it when the web application was stopped. Threads are going to be renewed over time to try and avoid a probable memory leak.
20-Oct-2022 16:20:08.915 SEVERE [main] org.apache.catalina.loader.WebappClassLoaderBase.checkThreadLocalMapForLeaks The web application [server] created a ThreadLocal with key of type [java.lang.ThreadLocal.SuppliedThreadLocal] (value [java.lang.ThreadLocal$SuppliedThreadLocal@70c1a486]) and a value of type [org.springframework.util.ConcurrentLruCache] (value [org.springframework.util.ConcurrentLruCache@dd203fe]) but failed to remove it when the web application was stopped. Threads are going to be renewed over time to try and avoid a probable memory leak.
20-Oct-2022 16:20:08.916 SEVERE [main] org.apache.catalina.loader.WebappClassLoaderBase.checkThreadLocalMapForLeaks The web application [server] created a ThreadLocal with key of type [java.lang.ThreadLocal.SuppliedThreadLocal] (value [java.lang.ThreadLocal$SuppliedThreadLocal@70c1a486]) and a value of type [org.springframework.util.ConcurrentLruCache] (value [org.springframework.util.ConcurrentLruCache@f16d37b]) but failed to remove it when the web application was stopped. Threads are going to be renewed over time to try and avoid a probable memory leak.
20-Oct-2022 16:20:08.916 SEVERE [main] org.apache.catalina.loader.WebappClassLoaderBase.checkThreadLocalMapForLeaks The web application [server] created a ThreadLocal with key of type [java.lang.ThreadLocal.SuppliedThreadLocal] (value [java.lang.ThreadLocal$SuppliedThreadLocal@70c1a486]) and a value of type [org.springframework.util.ConcurrentLruCache] (value [org.springframework.util.ConcurrentLruCache@7823b778]) but failed to remove it when the web application was stopped. Threads are going to be renewed over time to try and avoid a probable memory leak.
20-Oct-2022 16:20:08.916 SEVERE [main] org.apache.catalina.loader.WebappClassLoaderBase.checkThreadLocalMapForLeaks The web application [server] created a ThreadLocal with key of type [java.lang.ThreadLocal.SuppliedThreadLocal] (value [java.lang.ThreadLocal$SuppliedThreadLocal@70c1a486]) and a value of type [org.springframework.util.ConcurrentLruCache] (value [org.springframework.util.ConcurrentLruCache@5fc9b463]) but failed to remove it when the web application was stopped. Threads are going to be renewed over time to try and avoid a probable memory leak.
20-Oct-2022 16:20:08.917 SEVERE [main] org.apache.catalina.loader.WebappClassLoaderBase.checkThreadLocalMapForLeaks The web application [server] created a ThreadLocal with key of type [java.lang.ThreadLocal.SuppliedThreadLocal] (value [java.lang.ThreadLocal$SuppliedThreadLocal@70c1a486]) and a value of type [org.springframework.util.ConcurrentLruCache] (value [org.springframework.util.ConcurrentLruCache@42999197]) but failed to remove it when the web application was stopped. Threads are going to be renewed over time to try and avoid a probable memory leak.
20-Oct-2022 16:20:08.925 INFO [main] org.apache.coyote.AbstractProtocol.stop Stopping ProtocolHandler ["http-nio-8080"]
20-Oct-2022 16:20:08.940 INFO [main] org.apache.coyote.AbstractProtocol.destroy Destroying ProtocolHandler ["http-nio-8080"]
20-Oct-2022 16:20:14.278 INFO [main] org.apache.catalina.startup.VersionLoggerListener.log Server version name:   Apache Tomcat/9.0.68
20-Oct-2022 16:20:14.284 INFO [main] org.apache.catalina.startup.VersionLoggerListener.log Server built:          Oct 3 2022 19:06:10 UTC
20-Oct-2022 16:20:14.284 INFO [main] org.apache.catalina.startup.VersionLoggerListener.log Server version number: 9.0.68.0
20-Oct-2022 16:20:14.284 INFO [main] org.apache.catalina.startup.VersionLoggerListener.log OS Name:               Linux
20-Oct-2022 16:20:14.284 INFO [main] org.apache.catalina.startup.VersionLoggerListener.log OS Version:            4.19.0-22-cloud-amd64
20-Oct-2022 16:20:14.284 INFO [main] org.apache.catalina.startup.VersionLoggerListener.log Architecture:          amd64
20-Oct-2022 16:20:14.284 INFO [main] org.apache.catalina.startup.VersionLoggerListener.log Java Home:             /usr/lib/jvm/java-11-openjdk-amd64
20-Oct-2022 16:20:14.284 INFO [main] org.apache.catalina.startup.VersionLoggerListener.log JVM Version:           11.0.16+8-post-Ubuntu-0ubuntu120.04
20-Oct-2022 16:20:14.284 INFO [main] org.apache.catalina.startup.VersionLoggerListener.log JVM Vendor:            Ubuntu
20-Oct-2022 16:20:14.284 INFO [main] org.apache.catalina.startup.VersionLoggerListener.log CATALINA_BASE:         /usr/local/tomcat
20-Oct-2022 16:20:14.285 INFO [main] org.apache.catalina.startup.VersionLoggerListener.log CATALINA_HOME:         /usr/local/tomcat
20-Oct-2022 16:20:14.294 INFO [main] org.apache.catalina.startup.VersionLoggerListener.log Command line argument: --add-opens=java.base/java.lang=ALL-UNNAMED
20-Oct-2022 16:20:14.294 INFO [main] org.apache.catalina.startup.VersionLoggerListener.log Command line argument: --add-opens=java.base/java.io=ALL-UNNAMED
20-Oct-2022 16:20:14.295 INFO [main] org.apache.catalina.startup.VersionLoggerListener.log Command line argument: --add-opens=java.base/java.util=ALL-UNNAMED
20-Oct-2022 16:20:14.295 INFO [main] org.apache.catalina.startup.VersionLoggerListener.log Command line argument: --add-opens=java.base/java.util.concurrent=ALL-UNNAMED
20-Oct-2022 16:20:14.295 INFO [main] org.apache.catalina.startup.VersionLoggerListener.log Command line argument: --add-opens=java.rmi/sun.rmi.transport=ALL-UNNAMED
20-Oct-2022 16:20:14.295 INFO [main] org.apache.catalina.startup.VersionLoggerListener.log Command line argument: -Djava.util.logging.config.file=/usr/local/tomcat/conf/logging.properties
20-Oct-2022 16:20:14.295 INFO [main] org.apache.catalina.startup.VersionLoggerListener.log Command line argument: -Djava.util.logging.manager=org.apache.juli.ClassLoaderLogManager
20-Oct-2022 16:20:14.295 INFO [main] org.apache.catalina.startup.VersionLoggerListener.log Command line argument: -Djdk.tls.ephemeralDHKeySize=2048
20-Oct-2022 16:20:14.295 INFO [main] org.apache.catalina.startup.VersionLoggerListener.log Command line argument: -Djava.protocol.handler.pkgs=org.apache.catalina.webresources
20-Oct-2022 16:20:14.296 INFO [main] org.apache.catalina.startup.VersionLoggerListener.log Command line argument: -Dorg.apache.catalina.security.SecurityListener.UMASK=0027
20-Oct-2022 16:20:14.296 INFO [main] org.apache.catalina.startup.VersionLoggerListener.log Command line argument: -Dignore.endorsed.dirs=
20-Oct-2022 16:20:14.296 INFO [main] org.apache.catalina.startup.VersionLoggerListener.log Command line argument: -Dcatalina.base=/usr/local/tomcat
20-Oct-2022 16:20:14.296 INFO [main] org.apache.catalina.startup.VersionLoggerListener.log Command line argument: -Dcatalina.home=/usr/local/tomcat
20-Oct-2022 16:20:14.296 INFO [main] org.apache.catalina.startup.VersionLoggerListener.log Command line argument: -Djava.io.tmpdir=/usr/local/tomcat/temp
20-Oct-2022 16:20:14.299 INFO [main] org.apache.catalina.core.AprLifecycleListener.lifecycleEvent The Apache Tomcat Native library which allows using OpenSSL was not found on the java.library.path: [/usr/java/packages/lib:/usr/lib/x86_64-linux-gnu/jni:/lib/x86_64-linux-gnu:/usr/lib/x86_64-linux-gnu:/usr/lib/jni:/lib:/usr/lib]
20-Oct-2022 16:20:14.641 INFO [main] org.apache.coyote.AbstractProtocol.init Initializing ProtocolHandler ["http-nio-8080"]
20-Oct-2022 16:20:14.666 INFO [main] org.apache.catalina.startup.Catalina.load Server initialization in [602] milliseconds
20-Oct-2022 16:20:14.725 INFO [main] org.apache.catalina.core.StandardService.startInternal Starting service [Catalina]
20-Oct-2022 16:20:14.726 INFO [main] org.apache.catalina.core.StandardEngine.startInternal Starting Servlet engine: [Apache Tomcat/9.0.68]
20-Oct-2022 16:20:14.733 INFO [main] org.apache.catalina.startup.HostConfig.deployDirectory Deploying web application directory [/usr/local/tomcat/webapps/server]
20-Oct-2022 16:20:24.844 INFO [main] org.apache.jasper.servlet.TldScanner.scanJars At least one JAR was scanned for TLDs yet contained no TLDs. Enable debug logging for this logger for a complete list of JARs that were scanned but no TLDs were found in them. Skipping unneeded JARs during scanning can improve startup time and JSP compilation time.
20-Oct-2022 16:20:25.468 INFO [main] org.apache.jasper.servlet.TldScanner.scanJars At least one JAR was scanned for TLDs yet contained no TLDs. Enable debug logging for this logger for a complete list of JARs that were scanned but no TLDs were found in them. Skipping unneeded JARs during scanning can improve startup time and JSP compilation time.
20-Oct-2022 16:20:49.577 INFO [main] org.apache.catalina.startup.HostConfig.deployDirectory Deployment of web application directory [/usr/local/tomcat/webapps/server] has finished in [34,842] ms
20-Oct-2022 16:20:49.581 INFO [main] org.apache.coyote.AbstractProtocol.start Starting ProtocolHandler ["http-nio-8080"]
20-Oct-2022 16:20:49.634 INFO [main] org.apache.catalina.startup.Catalina.start Server startup in [34967] milliseconds
20-Oct-2022 20:48:46.798 INFO [http-nio-8080-exec-8] org.apache.coyote.http11.Http11Processor.service Error parsing HTTP request header
 Note: further occurrences of HTTP request parsing errors will be logged at DEBUG level.
	java.lang.IllegalArgumentException: Invalid character found in the request target [/server/api/submission/vocabularies/common_iso_languages/entries?filter=Arabic%20|%20%D8%A7%D9%84%D8%B9%D8%B1%D8%A8%D9%8A%D8%A9&exact=true ]. The valid characters are defined in RFC 7230 and RFC 3986
		at org.apache.coyote.http11.Http11InputBuffer.parseRequestLine(Http11InputBuffer.java:494)
		at org.apache.coyote.http11.Http11Processor.service(Http11Processor.java:271)
		at org.apache.coyote.AbstractProcessorLight.process(AbstractProcessorLight.java:65)
		at org.apache.coyote.AbstractProtocol$ConnectionHandler.process(AbstractProtocol.java:893)
		at org.apache.tomcat.util.net.NioEndpoint$SocketProcessor.doRun(NioEndpoint.java:1789)
		at org.apache.tomcat.util.net.SocketProcessorBase.run(SocketProcessorBase.java:49)
		at org.apache.tomcat.util.threads.ThreadPoolExecutor.runWorker(ThreadPoolExecutor.java:1191)
		at org.apache.tomcat.util.threads.ThreadPoolExecutor$Worker.run(ThreadPoolExecutor.java:659)
		at org.apache.tomcat.util.threads.TaskThread$WrappingRunnable.run(TaskThread.java:61)
		at java.base/java.lang.Thread.run(Thread.java:829)
